[2022-07-29 18:52:41,732][root][INFO] - Start!
[2022-07-29 18:53:36,321][root][INFO] - train-size=1281167, val-size=0
[2022-07-29 18:59:02,372][root][INFO] - epoch_num=1, train-acc@1: 64.01023441908822
[2022-07-29 18:59:02,372][root][INFO] - epoch_num=1, train-acc@5: 88.72535742803241
[2022-07-29 18:59:02,461][root][INFO] - epoch_num=1, val-acc@1: nan
[2022-07-29 18:59:02,461][root][INFO] - epoch_num=1, val-acc@5: nan
[2022-07-29 19:03:53,991][root][INFO] - epoch_num=2, train-acc@1: 64.01023441908822
[2022-07-29 19:03:53,991][root][INFO] - epoch_num=2, train-acc@5: 88.72535742803241
[2022-07-29 19:03:54,080][root][INFO] - epoch_num=2, val-acc@1: nan
[2022-07-29 19:03:54,080][root][INFO] - epoch_num=2, val-acc@5: nan
[2022-07-29 19:08:46,747][root][INFO] - epoch_num=3, train-acc@1: 64.01023441908822
[2022-07-29 19:08:46,748][root][INFO] - epoch_num=3, train-acc@5: 88.72535742803241
[2022-07-29 19:08:46,838][root][INFO] - epoch_num=3, val-acc@1: nan
[2022-07-29 19:08:46,839][root][INFO] - epoch_num=3, val-acc@5: nan
[2022-07-29 19:13:38,698][root][INFO] - epoch_num=4, train-acc@1: 64.01023441908822
[2022-07-29 19:13:38,698][root][INFO] - epoch_num=4, train-acc@5: 88.72535742803241
[2022-07-29 19:13:38,788][root][INFO] - epoch_num=4, val-acc@1: nan
[2022-07-29 19:13:38,789][root][INFO] - epoch_num=4, val-acc@5: nan
[2022-07-29 19:18:30,790][root][INFO] - epoch_num=5, train-acc@1: 64.01023441908822
[2022-07-29 19:18:30,790][root][INFO] - epoch_num=5, train-acc@5: 88.72535742803241
[2022-07-29 19:18:30,880][root][INFO] - epoch_num=5, val-acc@1: nan
[2022-07-29 19:18:30,880][root][INFO] - epoch_num=5, val-acc@5: nan
[2022-07-29 19:23:22,294][root][INFO] - epoch_num=6, train-acc@1: 64.01023441908822
[2022-07-29 19:23:22,294][root][INFO] - epoch_num=6, train-acc@5: 88.72535742803241
[2022-07-29 19:23:22,384][root][INFO] - epoch_num=6, val-acc@1: nan
[2022-07-29 19:23:22,384][root][INFO] - epoch_num=6, val-acc@5: nan
[2022-07-29 19:28:15,222][root][INFO] - epoch_num=7, train-acc@1: 64.01023441908822
[2022-07-29 19:28:15,222][root][INFO] - epoch_num=7, train-acc@5: 88.72535742803241
[2022-07-29 19:28:15,311][root][INFO] - epoch_num=7, val-acc@1: nan
[2022-07-29 19:28:15,311][root][INFO] - epoch_num=7, val-acc@5: nan
[2022-07-29 19:33:07,201][root][INFO] - epoch_num=8, train-acc@1: 64.01023441908822
[2022-07-29 19:33:07,201][root][INFO] - epoch_num=8, train-acc@5: 88.72535742803241
[2022-07-29 19:33:07,306][root][INFO] - epoch_num=8, val-acc@1: nan
[2022-07-29 19:33:07,306][root][INFO] - epoch_num=8, val-acc@5: nan
[2022-07-29 19:37:59,487][root][INFO] - epoch_num=9, train-acc@1: 64.01023441908822
[2022-07-29 19:37:59,488][root][INFO] - epoch_num=9, train-acc@5: 88.72535742803241
[2022-07-29 19:37:59,578][root][INFO] - epoch_num=9, val-acc@1: nan
[2022-07-29 19:37:59,578][root][INFO] - epoch_num=9, val-acc@5: nan
[2022-07-29 19:42:51,922][root][INFO] - epoch_num=10, train-acc@1: 64.01023441908822
[2022-07-29 19:42:51,922][root][INFO] - epoch_num=10, train-acc@5: 88.72535742803241
[2022-07-29 19:42:52,013][root][INFO] - epoch_num=10, val-acc@1: nan
[2022-07-29 19:42:52,013][root][INFO] - epoch_num=10, val-acc@5: nan
[2022-07-29 19:47:44,242][root][INFO] - epoch_num=11, train-acc@1: 64.01023441908822
[2022-07-29 19:47:44,242][root][INFO] - epoch_num=11, train-acc@5: 88.72535742803241
[2022-07-29 19:47:44,332][root][INFO] - epoch_num=11, val-acc@1: nan
[2022-07-29 19:47:44,333][root][INFO] - epoch_num=11, val-acc@5: nan
[2022-07-29 19:52:36,456][root][INFO] - epoch_num=12, train-acc@1: 64.01023441908822
[2022-07-29 19:52:36,456][root][INFO] - epoch_num=12, train-acc@5: 88.72535742803241
[2022-07-29 19:52:36,546][root][INFO] - epoch_num=12, val-acc@1: nan
[2022-07-29 19:52:36,546][root][INFO] - epoch_num=12, val-acc@5: nan
[2022-07-29 19:57:32,090][root][INFO] - epoch_num=13, train-acc@1: 64.01023441908822
[2022-07-29 19:57:32,090][root][INFO] - epoch_num=13, train-acc@5: 88.72535742803241
[2022-07-29 19:57:32,190][root][INFO] - epoch_num=13, val-acc@1: nan
[2022-07-29 19:57:32,190][root][INFO] - epoch_num=13, val-acc@5: nan
[2022-07-29 20:02:34,483][root][INFO] - epoch_num=14, train-acc@1: 64.01023441908822
[2022-07-29 20:02:34,485][root][INFO] - epoch_num=14, train-acc@5: 88.72535742803241
[2022-07-29 20:02:34,572][root][INFO] - epoch_num=14, val-acc@1: nan
[2022-07-29 20:02:34,573][root][INFO] - epoch_num=14, val-acc@5: nan
[2022-07-29 20:07:28,064][root][INFO] - epoch_num=15, train-acc@1: 64.01023441908822
[2022-07-29 20:07:28,065][root][INFO] - epoch_num=15, train-acc@5: 88.72535742803241
[2022-07-29 20:07:28,153][root][INFO] - epoch_num=15, val-acc@1: nan
[2022-07-29 20:07:28,153][root][INFO] - epoch_num=15, val-acc@5: nan
[2022-07-29 20:12:20,692][root][INFO] - epoch_num=16, train-acc@1: 64.01023441908822
[2022-07-29 20:12:20,692][root][INFO] - epoch_num=16, train-acc@5: 88.72535742803241
[2022-07-29 20:12:20,781][root][INFO] - epoch_num=16, val-acc@1: nan
[2022-07-29 20:12:20,781][root][INFO] - epoch_num=16, val-acc@5: nan
[2022-07-29 20:17:12,773][root][INFO] - epoch_num=17, train-acc@1: 64.01023441908822
[2022-07-29 20:17:12,773][root][INFO] - epoch_num=17, train-acc@5: 88.72535742803241
[2022-07-29 20:17:12,862][root][INFO] - epoch_num=17, val-acc@1: nan
[2022-07-29 20:17:12,862][root][INFO] - epoch_num=17, val-acc@5: nan
[2022-07-29 20:22:03,997][root][INFO] - epoch_num=18, train-acc@1: 64.01023441908822
[2022-07-29 20:22:03,997][root][INFO] - epoch_num=18, train-acc@5: 88.72535742803241
[2022-07-29 20:22:04,087][root][INFO] - epoch_num=18, val-acc@1: nan
[2022-07-29 20:22:04,087][root][INFO] - epoch_num=18, val-acc@5: nan
[2022-07-29 20:26:55,408][root][INFO] - epoch_num=19, train-acc@1: 64.01023441908822
[2022-07-29 20:26:55,409][root][INFO] - epoch_num=19, train-acc@5: 88.72535742803241
[2022-07-29 20:26:55,497][root][INFO] - epoch_num=19, val-acc@1: nan
[2022-07-29 20:26:55,497][root][INFO] - epoch_num=19, val-acc@5: nan
[2022-07-29 20:31:47,207][root][INFO] - epoch_num=20, train-acc@1: 64.01023441908822
[2022-07-29 20:31:47,207][root][INFO] - epoch_num=20, train-acc@5: 88.72535742803241
[2022-07-29 20:31:47,297][root][INFO] - epoch_num=20, val-acc@1: nan
[2022-07-29 20:31:47,298][root][INFO] - epoch_num=20, val-acc@5: nan
[2022-07-29 20:36:39,964][root][INFO] - epoch_num=21, train-acc@1: 64.01023441908822
[2022-07-29 20:36:39,964][root][INFO] - epoch_num=21, train-acc@5: 88.72535742803241
[2022-07-29 20:36:40,056][root][INFO] - epoch_num=21, val-acc@1: nan
[2022-07-29 20:36:40,056][root][INFO] - epoch_num=21, val-acc@5: nan
[2022-07-29 20:41:32,103][root][INFO] - epoch_num=22, train-acc@1: 64.01023441908822
[2022-07-29 20:41:32,103][root][INFO] - epoch_num=22, train-acc@5: 88.72535742803241
[2022-07-29 20:41:32,192][root][INFO] - epoch_num=22, val-acc@1: nan
[2022-07-29 20:41:32,192][root][INFO] - epoch_num=22, val-acc@5: nan
[2022-07-29 20:46:24,129][root][INFO] - epoch_num=23, train-acc@1: 64.01023441908822
[2022-07-29 20:46:24,129][root][INFO] - epoch_num=23, train-acc@5: 88.72535742803241
[2022-07-29 20:46:24,220][root][INFO] - epoch_num=23, val-acc@1: nan
[2022-07-29 20:46:24,220][root][INFO] - epoch_num=23, val-acc@5: nan
[2022-07-29 20:51:16,409][root][INFO] - epoch_num=24, train-acc@1: 64.01023441908822
[2022-07-29 20:51:16,409][root][INFO] - epoch_num=24, train-acc@5: 88.72535742803241
[2022-07-29 20:51:16,498][root][INFO] - epoch_num=24, val-acc@1: nan
[2022-07-29 20:51:16,498][root][INFO] - epoch_num=24, val-acc@5: nan
[2022-07-29 20:56:06,863][root][INFO] - epoch_num=25, train-acc@1: 64.01023441908822
[2022-07-29 20:56:06,863][root][INFO] - epoch_num=25, train-acc@5: 88.72535742803241
[2022-07-29 20:56:06,952][root][INFO] - epoch_num=25, val-acc@1: nan
[2022-07-29 20:56:06,952][root][INFO] - epoch_num=25, val-acc@5: nan
[2022-07-29 21:00:59,142][root][INFO] - epoch_num=26, train-acc@1: 64.01023441908822
[2022-07-29 21:00:59,143][root][INFO] - epoch_num=26, train-acc@5: 88.72535742803241
[2022-07-29 21:00:59,232][root][INFO] - epoch_num=26, val-acc@1: nan
[2022-07-29 21:00:59,232][root][INFO] - epoch_num=26, val-acc@5: nan
[2022-07-29 21:06:00,569][root][INFO] - epoch_num=27, train-acc@1: 64.01023441908822
[2022-07-29 21:06:00,571][root][INFO] - epoch_num=27, train-acc@5: 88.72535742803241
[2022-07-29 21:06:00,662][root][INFO] - epoch_num=27, val-acc@1: nan
[2022-07-29 21:06:00,662][root][INFO] - epoch_num=27, val-acc@5: nan
[2022-07-29 21:10:54,026][root][INFO] - epoch_num=28, train-acc@1: 64.01023441908822
[2022-07-29 21:10:54,026][root][INFO] - epoch_num=28, train-acc@5: 88.72535742803241
[2022-07-29 21:10:54,119][root][INFO] - epoch_num=28, val-acc@1: nan
[2022-07-29 21:10:54,120][root][INFO] - epoch_num=28, val-acc@5: nan
[2022-07-29 21:15:46,824][root][INFO] - epoch_num=29, train-acc@1: 64.01023441908822
[2022-07-29 21:15:46,825][root][INFO] - epoch_num=29, train-acc@5: 88.72535742803241
[2022-07-29 21:15:46,915][root][INFO] - epoch_num=29, val-acc@1: nan
[2022-07-29 21:15:46,915][root][INFO] - epoch_num=29, val-acc@5: nan
[2022-07-29 21:20:40,974][root][INFO] - epoch_num=30, train-acc@1: 64.01023441908822
[2022-07-29 21:20:40,975][root][INFO] - epoch_num=30, train-acc@5: 88.72535742803241
[2022-07-29 21:20:41,077][root][INFO] - epoch_num=30, val-acc@1: nan
[2022-07-29 21:20:41,077][root][INFO] - epoch_num=30, val-acc@5: nan
[2022-07-29 21:25:32,612][root][INFO] - epoch_num=31, train-acc@1: 64.01023441908822
[2022-07-29 21:25:32,612][root][INFO] - epoch_num=31, train-acc@5: 88.72535742803241
[2022-07-29 21:25:32,701][root][INFO] - epoch_num=31, val-acc@1: nan
[2022-07-29 21:25:32,701][root][INFO] - epoch_num=31, val-acc@5: nan
[2022-07-29 21:30:24,522][root][INFO] - epoch_num=32, train-acc@1: 64.01023441908822
[2022-07-29 21:30:24,523][root][INFO] - epoch_num=32, train-acc@5: 88.72535742803241
[2022-07-29 21:30:24,615][root][INFO] - epoch_num=32, val-acc@1: nan
[2022-07-29 21:30:24,616][root][INFO] - epoch_num=32, val-acc@5: nan
[2022-07-29 21:35:18,278][root][INFO] - epoch_num=33, train-acc@1: 64.01023441908822
[2022-07-29 21:35:18,279][root][INFO] - epoch_num=33, train-acc@5: 88.72535742803241
[2022-07-29 21:35:18,368][root][INFO] - epoch_num=33, val-acc@1: nan
[2022-07-29 21:35:18,368][root][INFO] - epoch_num=33, val-acc@5: nan
[2022-07-29 21:40:17,313][root][INFO] - epoch_num=34, train-acc@1: 64.01023441908822
[2022-07-29 21:40:17,313][root][INFO] - epoch_num=34, train-acc@5: 88.72535742803241
[2022-07-29 21:40:17,403][root][INFO] - epoch_num=34, val-acc@1: nan
[2022-07-29 21:40:17,404][root][INFO] - epoch_num=34, val-acc@5: nan
[2022-07-29 21:45:10,611][root][INFO] - epoch_num=35, train-acc@1: 64.01023441908822
[2022-07-29 21:45:10,611][root][INFO] - epoch_num=35, train-acc@5: 88.72535742803241
[2022-07-29 21:45:10,702][root][INFO] - epoch_num=35, val-acc@1: nan
[2022-07-29 21:45:10,702][root][INFO] - epoch_num=35, val-acc@5: nan
[2022-07-29 21:50:06,300][root][INFO] - epoch_num=36, train-acc@1: 64.01023441908822
[2022-07-29 21:50:06,301][root][INFO] - epoch_num=36, train-acc@5: 88.72535742803241
[2022-07-29 21:50:06,390][root][INFO] - epoch_num=36, val-acc@1: nan
[2022-07-29 21:50:06,390][root][INFO] - epoch_num=36, val-acc@5: nan
[2022-07-29 21:54:58,448][root][INFO] - epoch_num=37, train-acc@1: 64.01023441908822
[2022-07-29 21:54:58,448][root][INFO] - epoch_num=37, train-acc@5: 88.72535742803241
[2022-07-29 21:54:58,538][root][INFO] - epoch_num=37, val-acc@1: nan
[2022-07-29 21:54:58,538][root][INFO] - epoch_num=37, val-acc@5: nan
[2022-07-29 21:59:49,340][root][INFO] - epoch_num=38, train-acc@1: 64.01023441908822
[2022-07-29 21:59:49,341][root][INFO] - epoch_num=38, train-acc@5: 88.72535742803241
[2022-07-29 21:59:49,429][root][INFO] - epoch_num=38, val-acc@1: nan
[2022-07-29 21:59:49,430][root][INFO] - epoch_num=38, val-acc@5: nan
[2022-07-29 22:04:42,684][root][INFO] - epoch_num=39, train-acc@1: 64.01023441908822
[2022-07-29 22:04:42,684][root][INFO] - epoch_num=39, train-acc@5: 88.72535742803241
[2022-07-29 22:04:42,774][root][INFO] - epoch_num=39, val-acc@1: nan
[2022-07-29 22:04:42,774][root][INFO] - epoch_num=39, val-acc@5: nan
[2022-07-29 22:09:39,761][root][INFO] - epoch_num=40, train-acc@1: 64.01023441908822
[2022-07-29 22:09:39,763][root][INFO] - epoch_num=40, train-acc@5: 88.72535742803241
[2022-07-29 22:09:39,851][root][INFO] - epoch_num=40, val-acc@1: nan
[2022-07-29 22:09:39,851][root][INFO] - epoch_num=40, val-acc@5: nan
[2022-07-29 22:14:32,682][root][INFO] - epoch_num=41, train-acc@1: 64.01023441908822
[2022-07-29 22:14:32,682][root][INFO] - epoch_num=41, train-acc@5: 88.72535742803241
[2022-07-29 22:14:32,772][root][INFO] - epoch_num=41, val-acc@1: nan
[2022-07-29 22:14:32,773][root][INFO] - epoch_num=41, val-acc@5: nan
[2022-07-29 22:19:25,737][root][INFO] - epoch_num=42, train-acc@1: 64.01023441908822
[2022-07-29 22:19:25,738][root][INFO] - epoch_num=42, train-acc@5: 88.72535742803241
[2022-07-29 22:19:25,826][root][INFO] - epoch_num=42, val-acc@1: nan
[2022-07-29 22:19:25,826][root][INFO] - epoch_num=42, val-acc@5: nan
[2022-07-29 22:24:16,491][root][INFO] - epoch_num=43, train-acc@1: 64.01023441908822
[2022-07-29 22:24:16,491][root][INFO] - epoch_num=43, train-acc@5: 88.72535742803241
[2022-07-29 22:24:16,582][root][INFO] - epoch_num=43, val-acc@1: nan
[2022-07-29 22:24:16,582][root][INFO] - epoch_num=43, val-acc@5: nan
[2022-07-29 22:29:13,292][root][INFO] - epoch_num=44, train-acc@1: 64.01023441908822
[2022-07-29 22:29:13,292][root][INFO] - epoch_num=44, train-acc@5: 88.72535742803241
[2022-07-29 22:29:13,381][root][INFO] - epoch_num=44, val-acc@1: nan
[2022-07-29 22:29:13,381][root][INFO] - epoch_num=44, val-acc@5: nan
[2022-07-29 22:34:06,014][root][INFO] - epoch_num=45, train-acc@1: 64.01023441908822
[2022-07-29 22:34:06,014][root][INFO] - epoch_num=45, train-acc@5: 88.72535742803241
[2022-07-29 22:34:06,104][root][INFO] - epoch_num=45, val-acc@1: nan
[2022-07-29 22:34:06,104][root][INFO] - epoch_num=45, val-acc@5: nan
[2022-07-29 22:38:58,216][root][INFO] - epoch_num=46, train-acc@1: 64.01023441908822
[2022-07-29 22:38:58,216][root][INFO] - epoch_num=46, train-acc@5: 88.72535742803241
[2022-07-29 22:38:58,307][root][INFO] - epoch_num=46, val-acc@1: nan
[2022-07-29 22:38:58,307][root][INFO] - epoch_num=46, val-acc@5: nan
[2022-07-29 22:43:56,767][root][INFO] - epoch_num=47, train-acc@1: 64.01023441908822
[2022-07-29 22:43:56,767][root][INFO] - epoch_num=47, train-acc@5: 88.72535742803241
[2022-07-29 22:43:56,858][root][INFO] - epoch_num=47, val-acc@1: nan
[2022-07-29 22:43:56,858][root][INFO] - epoch_num=47, val-acc@5: nan
[2022-07-29 22:48:51,536][root][INFO] - epoch_num=48, train-acc@1: 64.01023441908822
[2022-07-29 22:48:51,536][root][INFO] - epoch_num=48, train-acc@5: 88.72535742803241
[2022-07-29 22:48:51,627][root][INFO] - epoch_num=48, val-acc@1: nan
[2022-07-29 22:48:51,627][root][INFO] - epoch_num=48, val-acc@5: nan
[2022-07-29 22:53:44,560][root][INFO] - epoch_num=49, train-acc@1: 64.01023441908822
[2022-07-29 22:53:44,560][root][INFO] - epoch_num=49, train-acc@5: 88.72535742803241
[2022-07-29 22:53:44,650][root][INFO] - epoch_num=49, val-acc@1: nan
[2022-07-29 22:53:44,650][root][INFO] - epoch_num=49, val-acc@5: nan
[2022-07-29 22:58:39,352][root][INFO] - epoch_num=50, train-acc@1: 64.01023441908822
[2022-07-29 22:58:39,352][root][INFO] - epoch_num=50, train-acc@5: 88.72535742803241
[2022-07-29 22:58:39,441][root][INFO] - epoch_num=50, val-acc@1: nan
[2022-07-29 22:58:39,442][root][INFO] - epoch_num=50, val-acc@5: nan
[2022-07-29 23:03:31,465][root][INFO] - epoch_num=51, train-acc@1: 64.01023441908822
[2022-07-29 23:03:31,465][root][INFO] - epoch_num=51, train-acc@5: 88.72535742803241
[2022-07-29 23:03:31,555][root][INFO] - epoch_num=51, val-acc@1: nan
[2022-07-29 23:03:31,555][root][INFO] - epoch_num=51, val-acc@5: nan
[2022-07-29 23:08:25,798][root][INFO] - epoch_num=52, train-acc@1: 64.01023441908822
[2022-07-29 23:08:25,799][root][INFO] - epoch_num=52, train-acc@5: 88.72535742803241
[2022-07-29 23:08:25,888][root][INFO] - epoch_num=52, val-acc@1: nan
[2022-07-29 23:08:25,888][root][INFO] - epoch_num=52, val-acc@5: nan
[2022-07-29 23:13:18,509][root][INFO] - epoch_num=53, train-acc@1: 64.01023441908822
[2022-07-29 23:13:18,511][root][INFO] - epoch_num=53, train-acc@5: 88.72535742803241
[2022-07-29 23:13:18,614][root][INFO] - epoch_num=53, val-acc@1: nan
[2022-07-29 23:13:18,614][root][INFO] - epoch_num=53, val-acc@5: nan
[2022-07-29 23:18:11,579][root][INFO] - epoch_num=54, train-acc@1: 64.01023441908822
[2022-07-29 23:18:11,579][root][INFO] - epoch_num=54, train-acc@5: 88.72535742803241
[2022-07-29 23:18:11,670][root][INFO] - epoch_num=54, val-acc@1: nan
[2022-07-29 23:18:11,670][root][INFO] - epoch_num=54, val-acc@5: nan
[2022-07-29 23:23:03,967][root][INFO] - epoch_num=55, train-acc@1: 64.01023441908822
[2022-07-29 23:23:03,967][root][INFO] - epoch_num=55, train-acc@5: 88.72535742803241
[2022-07-29 23:23:04,068][root][INFO] - epoch_num=55, val-acc@1: nan
[2022-07-29 23:23:04,069][root][INFO] - epoch_num=55, val-acc@5: nan
[2022-07-29 23:27:56,281][root][INFO] - epoch_num=56, train-acc@1: 64.01023441908822
[2022-07-29 23:27:56,281][root][INFO] - epoch_num=56, train-acc@5: 88.72535742803241
[2022-07-29 23:27:56,374][root][INFO] - epoch_num=56, val-acc@1: nan
[2022-07-29 23:27:56,375][root][INFO] - epoch_num=56, val-acc@5: nan
[2022-07-29 23:32:49,567][root][INFO] - epoch_num=57, train-acc@1: 64.01023441908822
[2022-07-29 23:32:49,568][root][INFO] - epoch_num=57, train-acc@5: 88.72535742803241
[2022-07-29 23:32:49,658][root][INFO] - epoch_num=57, val-acc@1: nan
[2022-07-29 23:32:49,658][root][INFO] - epoch_num=57, val-acc@5: nan
[2022-07-29 23:37:45,692][root][INFO] - epoch_num=58, train-acc@1: 64.01023441908822
[2022-07-29 23:37:45,692][root][INFO] - epoch_num=58, train-acc@5: 88.72535742803241
[2022-07-29 23:37:45,795][root][INFO] - epoch_num=58, val-acc@1: nan
[2022-07-29 23:37:45,795][root][INFO] - epoch_num=58, val-acc@5: nan
[2022-07-29 23:42:48,576][root][INFO] - epoch_num=59, train-acc@1: 64.01023441908822
[2022-07-29 23:42:48,576][root][INFO] - epoch_num=59, train-acc@5: 88.72535742803241
[2022-07-29 23:42:48,669][root][INFO] - epoch_num=59, val-acc@1: nan
[2022-07-29 23:42:48,669][root][INFO] - epoch_num=59, val-acc@5: nan
[2022-07-29 23:47:42,013][root][INFO] - epoch_num=60, train-acc@1: 64.01023441908822
[2022-07-29 23:47:42,014][root][INFO] - epoch_num=60, train-acc@5: 88.72535742803241
[2022-07-29 23:47:42,105][root][INFO] - epoch_num=60, val-acc@1: nan
[2022-07-29 23:47:42,105][root][INFO] - epoch_num=60, val-acc@5: nan
[2022-07-29 23:52:35,207][root][INFO] - epoch_num=61, train-acc@1: 64.01023441908822
[2022-07-29 23:52:35,208][root][INFO] - epoch_num=61, train-acc@5: 88.72535742803241
[2022-07-29 23:52:35,297][root][INFO] - epoch_num=61, val-acc@1: nan
[2022-07-29 23:52:35,298][root][INFO] - epoch_num=61, val-acc@5: nan
[2022-07-29 23:57:27,998][root][INFO] - epoch_num=62, train-acc@1: 64.01023441908822
[2022-07-29 23:57:27,998][root][INFO] - epoch_num=62, train-acc@5: 88.72535742803241
[2022-07-29 23:57:28,088][root][INFO] - epoch_num=62, val-acc@1: nan
[2022-07-29 23:57:28,089][root][INFO] - epoch_num=62, val-acc@5: nan
[2022-07-30 00:02:18,788][root][INFO] - epoch_num=63, train-acc@1: 64.01023441908822
[2022-07-30 00:02:18,788][root][INFO] - epoch_num=63, train-acc@5: 88.72535742803241
[2022-07-30 00:02:18,878][root][INFO] - epoch_num=63, val-acc@1: nan
[2022-07-30 00:02:18,878][root][INFO] - epoch_num=63, val-acc@5: nan
[2022-07-30 00:07:11,552][root][INFO] - epoch_num=64, train-acc@1: 64.01023441908822
[2022-07-30 00:07:11,552][root][INFO] - epoch_num=64, train-acc@5: 88.72535742803241
[2022-07-30 00:07:11,642][root][INFO] - epoch_num=64, val-acc@1: nan
[2022-07-30 00:07:11,642][root][INFO] - epoch_num=64, val-acc@5: nan
[2022-07-30 00:12:03,570][root][INFO] - epoch_num=65, train-acc@1: 64.01023441908822
[2022-07-30 00:12:03,570][root][INFO] - epoch_num=65, train-acc@5: 88.72535742803241
[2022-07-30 00:12:03,660][root][INFO] - epoch_num=65, val-acc@1: nan
[2022-07-30 00:12:03,660][root][INFO] - epoch_num=65, val-acc@5: nan
[2022-07-30 00:16:55,593][root][INFO] - epoch_num=66, train-acc@1: 64.01023441908822
[2022-07-30 00:16:55,594][root][INFO] - epoch_num=66, train-acc@5: 88.72535742803241
[2022-07-30 00:16:55,683][root][INFO] - epoch_num=66, val-acc@1: nan
[2022-07-30 00:16:55,683][root][INFO] - epoch_num=66, val-acc@5: nan
[2022-07-30 00:21:47,471][root][INFO] - epoch_num=67, train-acc@1: 64.01023441908822
[2022-07-30 00:21:47,471][root][INFO] - epoch_num=67, train-acc@5: 88.72535742803241
[2022-07-30 00:21:47,561][root][INFO] - epoch_num=67, val-acc@1: nan
[2022-07-30 00:21:47,561][root][INFO] - epoch_num=67, val-acc@5: nan
[2022-07-30 00:26:39,470][root][INFO] - epoch_num=68, train-acc@1: 64.01023441908822
[2022-07-30 00:26:39,470][root][INFO] - epoch_num=68, train-acc@5: 88.72535742803241
[2022-07-30 00:26:39,561][root][INFO] - epoch_num=68, val-acc@1: nan
[2022-07-30 00:26:39,561][root][INFO] - epoch_num=68, val-acc@5: nan
[2022-07-30 00:31:31,127][root][INFO] - epoch_num=69, train-acc@1: 64.01023441908822
[2022-07-30 00:31:31,127][root][INFO] - epoch_num=69, train-acc@5: 88.72535742803241
[2022-07-30 00:31:31,219][root][INFO] - epoch_num=69, val-acc@1: nan
[2022-07-30 00:31:31,219][root][INFO] - epoch_num=69, val-acc@5: nan
[2022-07-30 00:36:21,779][root][INFO] - epoch_num=70, train-acc@1: 64.01023441908822
[2022-07-30 00:36:21,779][root][INFO] - epoch_num=70, train-acc@5: 88.72535742803241
[2022-07-30 00:36:21,870][root][INFO] - epoch_num=70, val-acc@1: nan
[2022-07-30 00:36:21,870][root][INFO] - epoch_num=70, val-acc@5: nan
[2022-07-30 00:41:14,236][root][INFO] - epoch_num=71, train-acc@1: 64.01023441908822
[2022-07-30 00:41:14,237][root][INFO] - epoch_num=71, train-acc@5: 88.72535742803241
[2022-07-30 00:41:14,327][root][INFO] - epoch_num=71, val-acc@1: nan
[2022-07-30 00:41:14,327][root][INFO] - epoch_num=71, val-acc@5: nan
[2022-07-30 00:46:12,347][root][INFO] - epoch_num=72, train-acc@1: 64.01023441908822
[2022-07-30 00:46:12,348][root][INFO] - epoch_num=72, train-acc@5: 88.72535742803241
[2022-07-30 00:46:12,440][root][INFO] - epoch_num=72, val-acc@1: nan
[2022-07-30 00:46:12,440][root][INFO] - epoch_num=72, val-acc@5: nan
[2022-07-30 00:51:05,519][root][INFO] - epoch_num=73, train-acc@1: 64.01023441908822
[2022-07-30 00:51:05,519][root][INFO] - epoch_num=73, train-acc@5: 88.72535742803241
[2022-07-30 00:51:05,609][root][INFO] - epoch_num=73, val-acc@1: nan
[2022-07-30 00:51:05,609][root][INFO] - epoch_num=73, val-acc@5: nan
[2022-07-30 00:56:02,404][root][INFO] - epoch_num=74, train-acc@1: 64.01023441908822
[2022-07-30 00:56:02,404][root][INFO] - epoch_num=74, train-acc@5: 88.72535742803241
[2022-07-30 00:56:02,504][root][INFO] - epoch_num=74, val-acc@1: nan
[2022-07-30 00:56:02,504][root][INFO] - epoch_num=74, val-acc@5: nan
[2022-07-30 01:00:55,510][root][INFO] - epoch_num=75, train-acc@1: 64.01023441908822
[2022-07-30 01:00:55,510][root][INFO] - epoch_num=75, train-acc@5: 88.72535742803241
[2022-07-30 01:00:55,599][root][INFO] - epoch_num=75, val-acc@1: nan
[2022-07-30 01:00:55,599][root][INFO] - epoch_num=75, val-acc@5: nan
[2022-07-30 01:05:47,228][root][INFO] - epoch_num=76, train-acc@1: 64.01023441908822
[2022-07-30 01:05:47,228][root][INFO] - epoch_num=76, train-acc@5: 88.72535742803241
[2022-07-30 01:05:47,318][root][INFO] - epoch_num=76, val-acc@1: nan
[2022-07-30 01:05:47,318][root][INFO] - epoch_num=76, val-acc@5: nan
[2022-07-30 01:10:44,294][root][INFO] - epoch_num=77, train-acc@1: 64.01023441908822
[2022-07-30 01:10:44,294][root][INFO] - epoch_num=77, train-acc@5: 88.72535742803241
[2022-07-30 01:10:44,384][root][INFO] - epoch_num=77, val-acc@1: nan
[2022-07-30 01:10:44,384][root][INFO] - epoch_num=77, val-acc@5: nan
[2022-07-30 01:15:35,592][root][INFO] - epoch_num=78, train-acc@1: 64.01023441908822
[2022-07-30 01:15:35,592][root][INFO] - epoch_num=78, train-acc@5: 88.72535742803241
[2022-07-30 01:15:35,682][root][INFO] - epoch_num=78, val-acc@1: nan
[2022-07-30 01:15:35,682][root][INFO] - epoch_num=78, val-acc@5: nan
[2022-07-30 01:20:27,014][root][INFO] - epoch_num=79, train-acc@1: 64.01023441908822
[2022-07-30 01:20:27,015][root][INFO] - epoch_num=79, train-acc@5: 88.72535742803241
[2022-07-30 01:20:27,107][root][INFO] - epoch_num=79, val-acc@1: nan
[2022-07-30 01:20:27,108][root][INFO] - epoch_num=79, val-acc@5: nan
[2022-07-30 01:25:19,011][root][INFO] - epoch_num=80, train-acc@1: 64.01023441908822
[2022-07-30 01:25:19,011][root][INFO] - epoch_num=80, train-acc@5: 88.72535742803241
[2022-07-30 01:25:19,099][root][INFO] - epoch_num=80, val-acc@1: nan
[2022-07-30 01:25:19,100][root][INFO] - epoch_num=80, val-acc@5: nan
[2022-07-30 01:30:12,064][root][INFO] - epoch_num=81, train-acc@1: 64.01023441908822
[2022-07-30 01:30:12,065][root][INFO] - epoch_num=81, train-acc@5: 88.72535742803241
[2022-07-30 01:30:12,154][root][INFO] - epoch_num=81, val-acc@1: nan
[2022-07-30 01:30:12,154][root][INFO] - epoch_num=81, val-acc@5: nan
[2022-07-30 01:35:03,522][root][INFO] - epoch_num=82, train-acc@1: 64.01023441908822
[2022-07-30 01:35:03,523][root][INFO] - epoch_num=82, train-acc@5: 88.72535742803241
[2022-07-30 01:35:03,635][root][INFO] - epoch_num=82, val-acc@1: nan
[2022-07-30 01:35:03,636][root][INFO] - epoch_num=82, val-acc@5: nan
[2022-07-30 01:39:56,381][root][INFO] - epoch_num=83, train-acc@1: 64.01023441908822
[2022-07-30 01:39:56,381][root][INFO] - epoch_num=83, train-acc@5: 88.72535742803241
[2022-07-30 01:39:56,470][root][INFO] - epoch_num=83, val-acc@1: nan
[2022-07-30 01:39:56,470][root][INFO] - epoch_num=83, val-acc@5: nan
[2022-07-30 01:44:48,249][root][INFO] - epoch_num=84, train-acc@1: 64.01023441908822
[2022-07-30 01:44:48,250][root][INFO] - epoch_num=84, train-acc@5: 88.72535742803241
[2022-07-30 01:44:48,339][root][INFO] - epoch_num=84, val-acc@1: nan
[2022-07-30 01:44:48,339][root][INFO] - epoch_num=84, val-acc@5: nan
[2022-07-30 01:49:44,795][root][INFO] - epoch_num=85, train-acc@1: 64.01023441908822
[2022-07-30 01:49:44,796][root][INFO] - epoch_num=85, train-acc@5: 88.72535742803241
[2022-07-30 01:49:44,886][root][INFO] - epoch_num=85, val-acc@1: nan
[2022-07-30 01:49:44,886][root][INFO] - epoch_num=85, val-acc@5: nan
[2022-07-30 01:54:38,981][root][INFO] - epoch_num=86, train-acc@1: 64.01023441908822
[2022-07-30 01:54:38,981][root][INFO] - epoch_num=86, train-acc@5: 88.72535742803241
[2022-07-30 01:54:39,071][root][INFO] - epoch_num=86, val-acc@1: nan
[2022-07-30 01:54:39,072][root][INFO] - epoch_num=86, val-acc@5: nan
[2022-07-30 01:59:33,509][root][INFO] - epoch_num=87, train-acc@1: 64.01023441908822
[2022-07-30 01:59:33,509][root][INFO] - epoch_num=87, train-acc@5: 88.72535742803241
[2022-07-30 01:59:33,600][root][INFO] - epoch_num=87, val-acc@1: nan
[2022-07-30 01:59:33,600][root][INFO] - epoch_num=87, val-acc@5: nan
[2022-07-30 02:04:25,604][root][INFO] - epoch_num=88, train-acc@1: 64.01023441908822
[2022-07-30 02:04:25,604][root][INFO] - epoch_num=88, train-acc@5: 88.72535742803241
[2022-07-30 02:04:25,695][root][INFO] - epoch_num=88, val-acc@1: nan
[2022-07-30 02:04:25,695][root][INFO] - epoch_num=88, val-acc@5: nan
[2022-07-30 02:09:19,011][root][INFO] - epoch_num=89, train-acc@1: 64.01023441908822
[2022-07-30 02:09:19,011][root][INFO] - epoch_num=89, train-acc@5: 88.72535742803241
[2022-07-30 02:09:19,101][root][INFO] - epoch_num=89, val-acc@1: nan
[2022-07-30 02:09:19,101][root][INFO] - epoch_num=89, val-acc@5: nan
[2022-07-30 02:14:11,255][root][INFO] - epoch_num=90, train-acc@1: 64.01023441908822
[2022-07-30 02:14:11,256][root][INFO] - epoch_num=90, train-acc@5: 88.72535742803241
[2022-07-30 02:14:11,347][root][INFO] - epoch_num=90, val-acc@1: nan
[2022-07-30 02:14:11,347][root][INFO] - epoch_num=90, val-acc@5: nan
[2022-07-30 02:19:08,738][root][INFO] - epoch_num=91, train-acc@1: 64.01023441908822
[2022-07-30 02:19:08,738][root][INFO] - epoch_num=91, train-acc@5: 88.72535742803241
[2022-07-30 02:19:08,832][root][INFO] - epoch_num=91, val-acc@1: nan
[2022-07-30 02:19:08,832][root][INFO] - epoch_num=91, val-acc@5: nan
[2022-07-30 02:24:06,172][root][INFO] - epoch_num=92, train-acc@1: 64.01023441908822
[2022-07-30 02:24:06,174][root][INFO] - epoch_num=92, train-acc@5: 88.72535742803241
[2022-07-30 02:24:06,261][root][INFO] - epoch_num=92, val-acc@1: nan
[2022-07-30 02:24:06,261][root][INFO] - epoch_num=92, val-acc@5: nan
[2022-07-30 02:28:58,030][root][INFO] - epoch_num=93, train-acc@1: 64.01023441908822
[2022-07-30 02:28:58,030][root][INFO] - epoch_num=93, train-acc@5: 88.72535742803241
[2022-07-30 02:28:58,120][root][INFO] - epoch_num=93, val-acc@1: nan
[2022-07-30 02:28:58,120][root][INFO] - epoch_num=93, val-acc@5: nan
[2022-07-30 02:33:48,713][root][INFO] - epoch_num=94, train-acc@1: 64.01023441908822
[2022-07-30 02:33:48,713][root][INFO] - epoch_num=94, train-acc@5: 88.72535742803241
[2022-07-30 02:33:48,804][root][INFO] - epoch_num=94, val-acc@1: nan
[2022-07-30 02:33:48,804][root][INFO] - epoch_num=94, val-acc@5: nan
[2022-07-30 02:38:40,328][root][INFO] - epoch_num=95, train-acc@1: 64.01023441908822
[2022-07-30 02:38:40,329][root][INFO] - epoch_num=95, train-acc@5: 88.72535742803241
[2022-07-30 02:38:40,423][root][INFO] - epoch_num=95, val-acc@1: nan
[2022-07-30 02:38:40,423][root][INFO] - epoch_num=95, val-acc@5: nan
[2022-07-30 02:43:32,910][root][INFO] - epoch_num=96, train-acc@1: 64.01023441908822
[2022-07-30 02:43:32,910][root][INFO] - epoch_num=96, train-acc@5: 88.72535742803241
[2022-07-30 02:43:33,000][root][INFO] - epoch_num=96, val-acc@1: nan
[2022-07-30 02:43:33,000][root][INFO] - epoch_num=96, val-acc@5: nan
[2022-07-30 02:48:23,978][root][INFO] - epoch_num=97, train-acc@1: 64.01023441908822
[2022-07-30 02:48:23,978][root][INFO] - epoch_num=97, train-acc@5: 88.72535742803241
[2022-07-30 02:48:24,069][root][INFO] - epoch_num=97, val-acc@1: nan
[2022-07-30 02:48:24,069][root][INFO] - epoch_num=97, val-acc@5: nan
[2022-07-30 02:53:16,019][root][INFO] - epoch_num=98, train-acc@1: 64.01023441908822
[2022-07-30 02:53:16,020][root][INFO] - epoch_num=98, train-acc@5: 88.72535742803241
[2022-07-30 02:53:16,110][root][INFO] - epoch_num=98, val-acc@1: nan
[2022-07-30 02:53:16,110][root][INFO] - epoch_num=98, val-acc@5: nan
[2022-07-30 02:58:08,448][root][INFO] - epoch_num=99, train-acc@1: 64.01023441908822
[2022-07-30 02:58:08,448][root][INFO] - epoch_num=99, train-acc@5: 88.72535742803241
[2022-07-30 02:58:08,538][root][INFO] - epoch_num=99, val-acc@1: nan
[2022-07-30 02:58:08,538][root][INFO] - epoch_num=99, val-acc@5: nan
[2022-07-30 03:03:00,372][root][INFO] - epoch_num=100, train-acc@1: 64.01023441908822
[2022-07-30 03:03:00,372][root][INFO] - epoch_num=100, train-acc@5: 88.72535742803241
[2022-07-30 03:03:00,467][root][INFO] - epoch_num=100, val-acc@1: nan
[2022-07-30 03:03:00,467][root][INFO] - epoch_num=100, val-acc@5: nan
[2022-07-30 03:07:51,749][root][INFO] - epoch_num=101, train-acc@1: 64.01023441908822
[2022-07-30 03:07:51,750][root][INFO] - epoch_num=101, train-acc@5: 88.72535742803241
[2022-07-30 03:07:51,839][root][INFO] - epoch_num=101, val-acc@1: nan
[2022-07-30 03:07:51,839][root][INFO] - epoch_num=101, val-acc@5: nan
[2022-07-30 03:12:44,509][root][INFO] - epoch_num=102, train-acc@1: 64.01023441908822
[2022-07-30 03:12:44,509][root][INFO] - epoch_num=102, train-acc@5: 88.72535742803241
[2022-07-30 03:12:44,598][root][INFO] - epoch_num=102, val-acc@1: nan
[2022-07-30 03:12:44,598][root][INFO] - epoch_num=102, val-acc@5: nan
[2022-07-30 03:17:36,316][root][INFO] - epoch_num=103, train-acc@1: 64.01023441908822
[2022-07-30 03:17:36,316][root][INFO] - epoch_num=103, train-acc@5: 88.72535742803241
[2022-07-30 03:17:36,407][root][INFO] - epoch_num=103, val-acc@1: nan
[2022-07-30 03:17:36,407][root][INFO] - epoch_num=103, val-acc@5: nan
[2022-07-30 03:22:27,926][root][INFO] - epoch_num=104, train-acc@1: 64.01023441908822
[2022-07-30 03:22:27,927][root][INFO] - epoch_num=104, train-acc@5: 88.72535742803241
[2022-07-30 03:22:28,017][root][INFO] - epoch_num=104, val-acc@1: nan
[2022-07-30 03:22:28,018][root][INFO] - epoch_num=104, val-acc@5: nan
[2022-07-30 03:27:28,558][root][INFO] - epoch_num=105, train-acc@1: 64.01023441908822
[2022-07-30 03:27:28,559][root][INFO] - epoch_num=105, train-acc@5: 88.72535742803241
[2022-07-30 03:27:28,647][root][INFO] - epoch_num=105, val-acc@1: nan
[2022-07-30 03:27:28,647][root][INFO] - epoch_num=105, val-acc@5: nan
[2022-07-30 03:32:21,593][root][INFO] - epoch_num=106, train-acc@1: 64.01023441908822
[2022-07-30 03:32:21,593][root][INFO] - epoch_num=106, train-acc@5: 88.72535742803241
[2022-07-30 03:32:21,682][root][INFO] - epoch_num=106, val-acc@1: nan
[2022-07-30 03:32:21,682][root][INFO] - epoch_num=106, val-acc@5: nan
[2022-07-30 03:37:18,414][root][INFO] - epoch_num=107, train-acc@1: 64.01023441908822
[2022-07-30 03:37:18,414][root][INFO] - epoch_num=107, train-acc@5: 88.72535742803241
[2022-07-30 03:37:18,505][root][INFO] - epoch_num=107, val-acc@1: nan
[2022-07-30 03:37:18,505][root][INFO] - epoch_num=107, val-acc@5: nan
[2022-07-30 03:42:07,751][root][INFO] - epoch_num=108, train-acc@1: 64.01023441908822
[2022-07-30 03:42:07,751][root][INFO] - epoch_num=108, train-acc@5: 88.72535742803241
[2022-07-30 03:42:07,845][root][INFO] - epoch_num=108, val-acc@1: nan
[2022-07-30 03:42:07,845][root][INFO] - epoch_num=108, val-acc@5: nan
[2022-07-30 03:46:59,000][root][INFO] - epoch_num=109, train-acc@1: 64.01023441908822
[2022-07-30 03:46:59,000][root][INFO] - epoch_num=109, train-acc@5: 88.72535742803241
[2022-07-30 03:46:59,090][root][INFO] - epoch_num=109, val-acc@1: nan
[2022-07-30 03:46:59,090][root][INFO] - epoch_num=109, val-acc@5: nan
[2022-07-30 03:51:50,922][root][INFO] - epoch_num=110, train-acc@1: 64.01023441908822
[2022-07-30 03:51:50,923][root][INFO] - epoch_num=110, train-acc@5: 88.72535742803241
[2022-07-30 03:51:51,014][root][INFO] - epoch_num=110, val-acc@1: nan
[2022-07-30 03:51:51,014][root][INFO] - epoch_num=110, val-acc@5: nan
[2022-07-30 03:56:43,129][root][INFO] - epoch_num=111, train-acc@1: 64.01023441908822
[2022-07-30 03:56:43,129][root][INFO] - epoch_num=111, train-acc@5: 88.72535742803241
[2022-07-30 03:56:43,220][root][INFO] - epoch_num=111, val-acc@1: nan
[2022-07-30 03:56:43,220][root][INFO] - epoch_num=111, val-acc@5: nan
[2022-07-30 04:01:35,201][root][INFO] - epoch_num=112, train-acc@1: 64.01023441908822
[2022-07-30 04:01:35,202][root][INFO] - epoch_num=112, train-acc@5: 88.72535742803241
[2022-07-30 04:01:35,292][root][INFO] - epoch_num=112, val-acc@1: nan
[2022-07-30 04:01:35,292][root][INFO] - epoch_num=112, val-acc@5: nan
[2022-07-30 04:06:27,197][root][INFO] - epoch_num=113, train-acc@1: 64.01023441908822
[2022-07-30 04:06:27,198][root][INFO] - epoch_num=113, train-acc@5: 88.72535742803241
[2022-07-30 04:06:27,288][root][INFO] - epoch_num=113, val-acc@1: nan
[2022-07-30 04:06:27,288][root][INFO] - epoch_num=113, val-acc@5: nan
[2022-07-30 04:11:18,971][root][INFO] - epoch_num=114, train-acc@1: 64.01023441908822
[2022-07-30 04:11:18,972][root][INFO] - epoch_num=114, train-acc@5: 88.72535742803241
[2022-07-30 04:11:19,061][root][INFO] - epoch_num=114, val-acc@1: nan
[2022-07-30 04:11:19,062][root][INFO] - epoch_num=114, val-acc@5: nan
[2022-07-30 04:16:11,845][root][INFO] - epoch_num=115, train-acc@1: 64.01023441908822
[2022-07-30 04:16:11,845][root][INFO] - epoch_num=115, train-acc@5: 88.72535742803241
[2022-07-30 04:16:11,939][root][INFO] - epoch_num=115, val-acc@1: nan
[2022-07-30 04:16:11,939][root][INFO] - epoch_num=115, val-acc@5: nan
[2022-07-30 04:21:04,234][root][INFO] - epoch_num=116, train-acc@1: 64.01023441908822
[2022-07-30 04:21:04,234][root][INFO] - epoch_num=116, train-acc@5: 88.72535742803241
[2022-07-30 04:21:04,326][root][INFO] - epoch_num=116, val-acc@1: nan
[2022-07-30 04:21:04,326][root][INFO] - epoch_num=116, val-acc@5: nan
[2022-07-30 04:25:55,324][root][INFO] - epoch_num=117, train-acc@1: 64.01023441908822
[2022-07-30 04:25:55,324][root][INFO] - epoch_num=117, train-acc@5: 88.72535742803241
[2022-07-30 04:25:55,416][root][INFO] - epoch_num=117, val-acc@1: nan
[2022-07-30 04:25:55,416][root][INFO] - epoch_num=117, val-acc@5: nan
[2022-07-30 04:30:54,754][root][INFO] - epoch_num=118, train-acc@1: 64.01023441908822
[2022-07-30 04:30:54,755][root][INFO] - epoch_num=118, train-acc@5: 88.72535742803241
[2022-07-30 04:30:54,850][root][INFO] - epoch_num=118, val-acc@1: nan
[2022-07-30 04:30:54,850][root][INFO] - epoch_num=118, val-acc@5: nan
[2022-07-30 04:35:47,832][root][INFO] - epoch_num=119, train-acc@1: 64.01023441908822
[2022-07-30 04:35:47,833][root][INFO] - epoch_num=119, train-acc@5: 88.72535742803241
[2022-07-30 04:35:47,923][root][INFO] - epoch_num=119, val-acc@1: nan
[2022-07-30 04:35:47,923][root][INFO] - epoch_num=119, val-acc@5: nan
[2022-07-30 04:40:40,970][root][INFO] - epoch_num=120, train-acc@1: 64.01023441908822
[2022-07-30 04:40:40,970][root][INFO] - epoch_num=120, train-acc@5: 88.72535742803241
[2022-07-30 04:40:41,060][root][INFO] - epoch_num=120, val-acc@1: nan
[2022-07-30 04:40:41,060][root][INFO] - epoch_num=120, val-acc@5: nan
[2022-07-30 04:45:33,825][root][INFO] - epoch_num=121, train-acc@1: 64.01023441908822
[2022-07-30 04:45:33,825][root][INFO] - epoch_num=121, train-acc@5: 88.72535742803241
[2022-07-30 04:45:33,919][root][INFO] - epoch_num=121, val-acc@1: nan
[2022-07-30 04:45:33,919][root][INFO] - epoch_num=121, val-acc@5: nan
[2022-07-30 04:50:30,295][root][INFO] - epoch_num=122, train-acc@1: 64.01023441908822
[2022-07-30 04:50:30,297][root][INFO] - epoch_num=122, train-acc@5: 88.72527937419555
[2022-07-30 04:50:30,415][root][INFO] - epoch_num=122, val-acc@1: nan
[2022-07-30 04:50:30,415][root][INFO] - epoch_num=122, val-acc@5: nan
[2022-07-30 04:55:26,065][root][INFO] - epoch_num=123, train-acc@1: 64.01023441908822
[2022-07-30 04:55:26,065][root][INFO] - epoch_num=123, train-acc@5: 88.72535742803241
[2022-07-30 04:55:26,155][root][INFO] - epoch_num=123, val-acc@1: nan
[2022-07-30 04:55:26,155][root][INFO] - epoch_num=123, val-acc@5: nan
[2022-07-30 05:00:19,050][root][INFO] - epoch_num=124, train-acc@1: 64.01023441908822
[2022-07-30 05:00:19,050][root][INFO] - epoch_num=124, train-acc@5: 88.72535742803241
[2022-07-30 05:00:19,140][root][INFO] - epoch_num=124, val-acc@1: nan
[2022-07-30 05:00:19,140][root][INFO] - epoch_num=124, val-acc@5: nan
[2022-07-30 05:05:14,967][root][INFO] - epoch_num=125, train-acc@1: 64.01023441908822
[2022-07-30 05:05:14,967][root][INFO] - epoch_num=125, train-acc@5: 88.72535742803241
[2022-07-30 05:05:15,057][root][INFO] - epoch_num=125, val-acc@1: nan
[2022-07-30 05:05:15,057][root][INFO] - epoch_num=125, val-acc@5: nan
[2022-07-30 05:10:08,135][root][INFO] - epoch_num=126, train-acc@1: 64.01023441908822
[2022-07-30 05:10:08,136][root][INFO] - epoch_num=126, train-acc@5: 88.72535742803241
[2022-07-30 05:10:08,225][root][INFO] - epoch_num=126, val-acc@1: nan
[2022-07-30 05:10:08,225][root][INFO] - epoch_num=126, val-acc@5: nan
[2022-07-30 05:14:59,680][root][INFO] - epoch_num=127, train-acc@1: 64.01023441908822
[2022-07-30 05:14:59,681][root][INFO] - epoch_num=127, train-acc@5: 88.72535742803241
[2022-07-30 05:14:59,771][root][INFO] - epoch_num=127, val-acc@1: nan
[2022-07-30 05:14:59,771][root][INFO] - epoch_num=127, val-acc@5: nan
[2022-07-30 05:19:52,519][root][INFO] - epoch_num=128, train-acc@1: 64.01023441908822
[2022-07-30 05:19:52,520][root][INFO] - epoch_num=128, train-acc@5: 88.72535742803241
[2022-07-30 05:19:52,609][root][INFO] - epoch_num=128, val-acc@1: nan
[2022-07-30 05:19:52,610][root][INFO] - epoch_num=128, val-acc@5: nan
[2022-07-30 05:24:44,971][root][INFO] - epoch_num=129, train-acc@1: 64.01023441908822
[2022-07-30 05:24:44,972][root][INFO] - epoch_num=129, train-acc@5: 88.72535742803241
[2022-07-30 05:24:45,062][root][INFO] - epoch_num=129, val-acc@1: nan
[2022-07-30 05:24:45,062][root][INFO] - epoch_num=129, val-acc@5: nan
[2022-07-30 05:29:36,663][root][INFO] - epoch_num=130, train-acc@1: 64.01023441908822
[2022-07-30 05:29:36,664][root][INFO] - epoch_num=130, train-acc@5: 88.72535742803241
[2022-07-30 05:29:36,768][root][INFO] - epoch_num=130, val-acc@1: nan
[2022-07-30 05:29:36,768][root][INFO] - epoch_num=130, val-acc@5: nan
[2022-07-30 05:34:28,792][root][INFO] - epoch_num=131, train-acc@1: 64.01023441908822
[2022-07-30 05:34:28,793][root][INFO] - epoch_num=131, train-acc@5: 88.72535742803241
[2022-07-30 05:34:28,882][root][INFO] - epoch_num=131, val-acc@1: nan
[2022-07-30 05:34:28,882][root][INFO] - epoch_num=131, val-acc@5: nan
[2022-07-30 05:39:21,596][root][INFO] - epoch_num=132, train-acc@1: 64.01023441908822
[2022-07-30 05:39:21,597][root][INFO] - epoch_num=132, train-acc@5: 88.72535742803241
[2022-07-30 05:39:21,686][root][INFO] - epoch_num=132, val-acc@1: nan
[2022-07-30 05:39:21,686][root][INFO] - epoch_num=132, val-acc@5: nan
[2022-07-30 05:44:12,913][root][INFO] - epoch_num=133, train-acc@1: 64.01023441908822
[2022-07-30 05:44:12,914][root][INFO] - epoch_num=133, train-acc@5: 88.72535742803241
[2022-07-30 05:44:13,004][root][INFO] - epoch_num=133, val-acc@1: nan
[2022-07-30 05:44:13,004][root][INFO] - epoch_num=133, val-acc@5: nan
[2022-07-30 05:49:05,942][root][INFO] - epoch_num=134, train-acc@1: 64.01023441908822
[2022-07-30 05:49:05,943][root][INFO] - epoch_num=134, train-acc@5: 88.72535742803241
[2022-07-30 05:49:06,032][root][INFO] - epoch_num=134, val-acc@1: nan
[2022-07-30 05:49:06,032][root][INFO] - epoch_num=134, val-acc@5: nan
[2022-07-30 05:53:59,297][root][INFO] - epoch_num=135, train-acc@1: 64.01023441908822
[2022-07-30 05:53:59,298][root][INFO] - epoch_num=135, train-acc@5: 88.72535742803241
[2022-07-30 05:53:59,387][root][INFO] - epoch_num=135, val-acc@1: nan
[2022-07-30 05:53:59,387][root][INFO] - epoch_num=135, val-acc@5: nan
[2022-07-30 05:58:59,212][root][INFO] - epoch_num=136, train-acc@1: 64.01023441908822
[2022-07-30 05:58:59,214][root][INFO] - epoch_num=136, train-acc@5: 88.72535742803241
[2022-07-30 05:58:59,304][root][INFO] - epoch_num=136, val-acc@1: nan
[2022-07-30 05:58:59,304][root][INFO] - epoch_num=136, val-acc@5: nan
[2022-07-30 06:03:57,427][root][INFO] - epoch_num=137, train-acc@1: 64.01023441908822
[2022-07-30 06:03:57,427][root][INFO] - epoch_num=137, train-acc@5: 88.72535742803241
[2022-07-30 06:03:57,520][root][INFO] - epoch_num=137, val-acc@1: nan
[2022-07-30 06:03:57,520][root][INFO] - epoch_num=137, val-acc@5: nan
[2022-07-30 06:08:50,974][root][INFO] - epoch_num=138, train-acc@1: 64.01023441908822
[2022-07-30 06:08:50,974][root][INFO] - epoch_num=138, train-acc@5: 88.72535742803241
[2022-07-30 06:08:51,065][root][INFO] - epoch_num=138, val-acc@1: nan
[2022-07-30 06:08:51,065][root][INFO] - epoch_num=138, val-acc@5: nan
[2022-07-30 06:13:43,650][root][INFO] - epoch_num=139, train-acc@1: 64.01023441908822
[2022-07-30 06:13:43,650][root][INFO] - epoch_num=139, train-acc@5: 88.72535742803241
[2022-07-30 06:13:43,741][root][INFO] - epoch_num=139, val-acc@1: nan
[2022-07-30 06:13:43,742][root][INFO] - epoch_num=139, val-acc@5: nan
[2022-07-30 06:18:36,564][root][INFO] - epoch_num=140, train-acc@1: 64.01023441908822
[2022-07-30 06:18:36,564][root][INFO] - epoch_num=140, train-acc@5: 88.72535742803241
[2022-07-30 06:18:36,654][root][INFO] - epoch_num=140, val-acc@1: nan
[2022-07-30 06:18:36,654][root][INFO] - epoch_num=140, val-acc@5: nan
[2022-07-30 06:23:29,193][root][INFO] - epoch_num=141, train-acc@1: 64.01023441908822
[2022-07-30 06:23:29,193][root][INFO] - epoch_num=141, train-acc@5: 88.72535742803241
[2022-07-30 06:23:29,284][root][INFO] - epoch_num=141, val-acc@1: nan
[2022-07-30 06:23:29,284][root][INFO] - epoch_num=141, val-acc@5: nan
[2022-07-30 06:28:21,474][root][INFO] - epoch_num=142, train-acc@1: 64.01023441908822
[2022-07-30 06:28:21,475][root][INFO] - epoch_num=142, train-acc@5: 88.72535742803241
[2022-07-30 06:28:21,568][root][INFO] - epoch_num=142, val-acc@1: nan
[2022-07-30 06:28:21,568][root][INFO] - epoch_num=142, val-acc@5: nan
[2022-07-30 06:33:14,343][root][INFO] - epoch_num=143, train-acc@1: 64.01023441908822
[2022-07-30 06:33:14,343][root][INFO] - epoch_num=143, train-acc@5: 88.72535742803241
[2022-07-30 06:33:14,433][root][INFO] - epoch_num=143, val-acc@1: nan
[2022-07-30 06:33:14,433][root][INFO] - epoch_num=143, val-acc@5: nan
[2022-07-30 06:38:07,073][root][INFO] - epoch_num=144, train-acc@1: 64.01023441908822
[2022-07-30 06:38:07,074][root][INFO] - epoch_num=144, train-acc@5: 88.72535742803241
[2022-07-30 06:38:07,163][root][INFO] - epoch_num=144, val-acc@1: nan
[2022-07-30 06:38:07,163][root][INFO] - epoch_num=144, val-acc@5: nan
[2022-07-30 06:43:00,683][root][INFO] - epoch_num=145, train-acc@1: 64.01023441908822
[2022-07-30 06:43:00,683][root][INFO] - epoch_num=145, train-acc@5: 88.72535742803241
[2022-07-30 06:43:00,773][root][INFO] - epoch_num=145, val-acc@1: nan
[2022-07-30 06:43:00,773][root][INFO] - epoch_num=145, val-acc@5: nan
[2022-07-30 06:47:54,157][root][INFO] - epoch_num=146, train-acc@1: 64.01023441908822
[2022-07-30 06:47:54,157][root][INFO] - epoch_num=146, train-acc@5: 88.72535742803241
[2022-07-30 06:47:54,248][root][INFO] - epoch_num=146, val-acc@1: nan
[2022-07-30 06:47:54,248][root][INFO] - epoch_num=146, val-acc@5: nan
[2022-07-30 06:52:47,041][root][INFO] - epoch_num=147, train-acc@1: 64.01023441908822
[2022-07-30 06:52:47,041][root][INFO] - epoch_num=147, train-acc@5: 88.72535742803241
[2022-07-30 06:52:47,132][root][INFO] - epoch_num=147, val-acc@1: nan
[2022-07-30 06:52:47,132][root][INFO] - epoch_num=147, val-acc@5: nan
[2022-07-30 06:57:39,496][root][INFO] - epoch_num=148, train-acc@1: 64.01023441908822
[2022-07-30 06:57:39,497][root][INFO] - epoch_num=148, train-acc@5: 88.72535742803241
[2022-07-30 06:57:39,586][root][INFO] - epoch_num=148, val-acc@1: nan
[2022-07-30 06:57:39,586][root][INFO] - epoch_num=148, val-acc@5: nan
[2022-07-30 07:02:32,684][root][INFO] - epoch_num=149, train-acc@1: 64.01023441908822
[2022-07-30 07:02:32,684][root][INFO] - epoch_num=149, train-acc@5: 88.72535742803241
[2022-07-30 07:02:32,774][root][INFO] - epoch_num=149, val-acc@1: nan
[2022-07-30 07:02:32,774][root][INFO] - epoch_num=149, val-acc@5: nan
[2022-07-30 07:07:25,307][root][INFO] - epoch_num=150, train-acc@1: 64.01023441908822
[2022-07-30 07:07:25,308][root][INFO] - epoch_num=150, train-acc@5: 88.72535742803241
[2022-07-30 07:07:25,398][root][INFO] - epoch_num=150, val-acc@1: nan
[2022-07-30 07:07:25,399][root][INFO] - epoch_num=150, val-acc@5: nan
[2022-07-30 07:12:17,383][root][INFO] - epoch_num=151, train-acc@1: 64.01023441908822
[2022-07-30 07:12:17,384][root][INFO] - epoch_num=151, train-acc@5: 88.72535742803241
[2022-07-30 07:12:17,475][root][INFO] - epoch_num=151, val-acc@1: nan
[2022-07-30 07:12:17,475][root][INFO] - epoch_num=151, val-acc@5: nan
[2022-07-30 07:17:15,689][root][INFO] - epoch_num=152, train-acc@1: 64.01023441908822
[2022-07-30 07:17:15,689][root][INFO] - epoch_num=152, train-acc@5: 88.72535742803241
[2022-07-30 07:17:15,779][root][INFO] - epoch_num=152, val-acc@1: nan
[2022-07-30 07:17:15,779][root][INFO] - epoch_num=152, val-acc@5: nan
[2022-07-30 07:22:09,684][root][INFO] - epoch_num=153, train-acc@1: 64.01023441908822
[2022-07-30 07:22:09,687][root][INFO] - epoch_num=153, train-acc@5: 88.72535742803241
[2022-07-30 07:22:09,777][root][INFO] - epoch_num=153, val-acc@1: nan
[2022-07-30 07:22:09,777][root][INFO] - epoch_num=153, val-acc@5: nan
[2022-07-30 07:27:02,611][root][INFO] - epoch_num=154, train-acc@1: 64.01023441908822
[2022-07-30 07:27:02,611][root][INFO] - epoch_num=154, train-acc@5: 88.72535742803241
[2022-07-30 07:27:02,702][root][INFO] - epoch_num=154, val-acc@1: nan
[2022-07-30 07:27:02,702][root][INFO] - epoch_num=154, val-acc@5: nan
[2022-07-30 07:31:55,562][root][INFO] - epoch_num=155, train-acc@1: 64.01023441908822
[2022-07-30 07:31:55,562][root][INFO] - epoch_num=155, train-acc@5: 88.72535742803241
[2022-07-30 07:31:55,652][root][INFO] - epoch_num=155, val-acc@1: nan
[2022-07-30 07:31:55,652][root][INFO] - epoch_num=155, val-acc@5: nan
[2022-07-30 07:36:52,116][root][INFO] - epoch_num=156, train-acc@1: 64.01023441908822
[2022-07-30 07:36:52,117][root][INFO] - epoch_num=156, train-acc@5: 88.72535742803241
[2022-07-30 07:36:52,206][root][INFO] - epoch_num=156, val-acc@1: nan
[2022-07-30 07:36:52,207][root][INFO] - epoch_num=156, val-acc@5: nan
[2022-07-30 07:41:44,428][root][INFO] - epoch_num=157, train-acc@1: 64.01023441908822
[2022-07-30 07:41:44,429][root][INFO] - epoch_num=157, train-acc@5: 88.72535742803241
[2022-07-30 07:41:44,519][root][INFO] - epoch_num=157, val-acc@1: nan
[2022-07-30 07:41:44,519][root][INFO] - epoch_num=157, val-acc@5: nan
[2022-07-30 07:46:35,784][root][INFO] - epoch_num=158, train-acc@1: 64.01023441908822
[2022-07-30 07:46:35,785][root][INFO] - epoch_num=158, train-acc@5: 88.72535742803241
[2022-07-30 07:46:35,874][root][INFO] - epoch_num=158, val-acc@1: nan
[2022-07-30 07:46:35,874][root][INFO] - epoch_num=158, val-acc@5: nan
[2022-07-30 07:51:28,429][root][INFO] - epoch_num=159, train-acc@1: 64.01023441908822
[2022-07-30 07:51:28,430][root][INFO] - epoch_num=159, train-acc@5: 88.72535742803241
[2022-07-30 07:51:28,521][root][INFO] - epoch_num=159, val-acc@1: nan
[2022-07-30 07:51:28,521][root][INFO] - epoch_num=159, val-acc@5: nan
[2022-07-30 07:56:21,914][root][INFO] - epoch_num=160, train-acc@1: 64.01023441908822
[2022-07-30 07:56:21,915][root][INFO] - epoch_num=160, train-acc@5: 88.72535742803241
[2022-07-30 07:56:22,005][root][INFO] - epoch_num=160, val-acc@1: nan
[2022-07-30 07:56:22,005][root][INFO] - epoch_num=160, val-acc@5: nan
[2022-07-30 08:01:14,837][root][INFO] - epoch_num=161, train-acc@1: 64.01023441908822
[2022-07-30 08:01:14,838][root][INFO] - epoch_num=161, train-acc@5: 88.72535742803241
[2022-07-30 08:01:14,927][root][INFO] - epoch_num=161, val-acc@1: nan
[2022-07-30 08:01:14,927][root][INFO] - epoch_num=161, val-acc@5: nan
[2022-07-30 08:06:07,786][root][INFO] - epoch_num=162, train-acc@1: 64.01023441908822
[2022-07-30 08:06:07,786][root][INFO] - epoch_num=162, train-acc@5: 88.72535742803241
[2022-07-30 08:06:07,876][root][INFO] - epoch_num=162, val-acc@1: nan
[2022-07-30 08:06:07,876][root][INFO] - epoch_num=162, val-acc@5: nan
[2022-07-30 08:11:00,001][root][INFO] - epoch_num=163, train-acc@1: 64.01023441908822
[2022-07-30 08:11:00,002][root][INFO] - epoch_num=163, train-acc@5: 88.72535742803241
[2022-07-30 08:11:00,097][root][INFO] - epoch_num=163, val-acc@1: nan
[2022-07-30 08:11:00,097][root][INFO] - epoch_num=163, val-acc@5: nan
[2022-07-30 08:15:51,006][root][INFO] - epoch_num=164, train-acc@1: 64.01023441908822
[2022-07-30 08:15:51,006][root][INFO] - epoch_num=164, train-acc@5: 88.72535742803241
[2022-07-30 08:15:51,096][root][INFO] - epoch_num=164, val-acc@1: nan
[2022-07-30 08:15:51,096][root][INFO] - epoch_num=164, val-acc@5: nan
[2022-07-30 08:20:48,786][root][INFO] - epoch_num=165, train-acc@1: 64.01023441908822
[2022-07-30 08:20:48,786][root][INFO] - epoch_num=165, train-acc@5: 88.72535742803241
[2022-07-30 08:20:48,900][root][INFO] - epoch_num=165, val-acc@1: nan
[2022-07-30 08:20:48,900][root][INFO] - epoch_num=165, val-acc@5: nan
[2022-07-30 08:25:44,993][root][INFO] - epoch_num=166, train-acc@1: 64.01023441908822
[2022-07-30 08:25:44,994][root][INFO] - epoch_num=166, train-acc@5: 88.72535742803241
[2022-07-30 08:25:45,084][root][INFO] - epoch_num=166, val-acc@1: nan
[2022-07-30 08:25:45,084][root][INFO] - epoch_num=166, val-acc@5: nan
[2022-07-30 08:30:37,653][root][INFO] - epoch_num=167, train-acc@1: 64.01023441908822
[2022-07-30 08:30:37,654][root][INFO] - epoch_num=167, train-acc@5: 88.72535742803241
[2022-07-30 08:30:37,745][root][INFO] - epoch_num=167, val-acc@1: nan
[2022-07-30 08:30:37,745][root][INFO] - epoch_num=167, val-acc@5: nan
[2022-07-30 08:35:30,662][root][INFO] - epoch_num=168, train-acc@1: 64.01023441908822
[2022-07-30 08:35:30,662][root][INFO] - epoch_num=168, train-acc@5: 88.72535742803241
[2022-07-30 08:35:30,753][root][INFO] - epoch_num=168, val-acc@1: nan
[2022-07-30 08:35:30,753][root][INFO] - epoch_num=168, val-acc@5: nan
[2022-07-30 08:40:27,542][root][INFO] - epoch_num=169, train-acc@1: 64.01023441908822
[2022-07-30 08:40:27,542][root][INFO] - epoch_num=169, train-acc@5: 88.72535742803241
[2022-07-30 08:40:27,632][root][INFO] - epoch_num=169, val-acc@1: nan
[2022-07-30 08:40:27,632][root][INFO] - epoch_num=169, val-acc@5: nan
[2022-07-30 08:45:19,655][root][INFO] - epoch_num=170, train-acc@1: 64.01023441908822
[2022-07-30 08:45:19,657][root][INFO] - epoch_num=170, train-acc@5: 88.72535742803241
[2022-07-30 08:45:19,745][root][INFO] - epoch_num=170, val-acc@1: nan
[2022-07-30 08:45:19,745][root][INFO] - epoch_num=170, val-acc@5: nan
[2022-07-30 08:50:10,959][root][INFO] - epoch_num=171, train-acc@1: 64.01023441908822
[2022-07-30 08:50:10,959][root][INFO] - epoch_num=171, train-acc@5: 88.72535742803241
[2022-07-30 08:50:11,061][root][INFO] - epoch_num=171, val-acc@1: nan
[2022-07-30 08:50:11,061][root][INFO] - epoch_num=171, val-acc@5: nan
[2022-07-30 08:55:04,506][root][INFO] - epoch_num=172, train-acc@1: 64.01023441908822
[2022-07-30 08:55:04,506][root][INFO] - epoch_num=172, train-acc@5: 88.72535742803241
[2022-07-30 08:55:04,597][root][INFO] - epoch_num=172, val-acc@1: nan
[2022-07-30 08:55:04,597][root][INFO] - epoch_num=172, val-acc@5: nan
[2022-07-30 08:59:58,367][root][INFO] - epoch_num=173, train-acc@1: 64.01023441908822
[2022-07-30 08:59:58,367][root][INFO] - epoch_num=173, train-acc@5: 88.72535742803241
[2022-07-30 08:59:58,457][root][INFO] - epoch_num=173, val-acc@1: nan
[2022-07-30 08:59:58,457][root][INFO] - epoch_num=173, val-acc@5: nan
[2022-07-30 09:04:51,180][root][INFO] - epoch_num=174, train-acc@1: 64.01023441908822
[2022-07-30 09:04:51,180][root][INFO] - epoch_num=174, train-acc@5: 88.72535742803241
[2022-07-30 09:04:51,270][root][INFO] - epoch_num=174, val-acc@1: nan
[2022-07-30 09:04:51,270][root][INFO] - epoch_num=174, val-acc@5: nan
[2022-07-30 09:09:43,889][root][INFO] - epoch_num=175, train-acc@1: 64.01023441908822
[2022-07-30 09:09:43,889][root][INFO] - epoch_num=175, train-acc@5: 88.72535742803241
[2022-07-30 09:09:43,980][root][INFO] - epoch_num=175, val-acc@1: nan
[2022-07-30 09:09:43,980][root][INFO] - epoch_num=175, val-acc@5: nan
[2022-07-30 09:14:37,049][root][INFO] - epoch_num=176, train-acc@1: 64.01023441908822
[2022-07-30 09:14:37,049][root][INFO] - epoch_num=176, train-acc@5: 88.72535742803241
[2022-07-30 09:14:37,139][root][INFO] - epoch_num=176, val-acc@1: nan
[2022-07-30 09:14:37,139][root][INFO] - epoch_num=176, val-acc@5: nan
[2022-07-30 09:19:28,238][root][INFO] - epoch_num=177, train-acc@1: 64.01023441908822
[2022-07-30 09:19:28,239][root][INFO] - epoch_num=177, train-acc@5: 88.72535742803241
[2022-07-30 09:19:28,329][root][INFO] - epoch_num=177, val-acc@1: nan
[2022-07-30 09:19:28,329][root][INFO] - epoch_num=177, val-acc@5: nan
[2022-07-30 09:24:19,802][root][INFO] - epoch_num=178, train-acc@1: 64.01023441908822
[2022-07-30 09:24:19,802][root][INFO] - epoch_num=178, train-acc@5: 88.72535742803241
[2022-07-30 09:24:19,897][root][INFO] - epoch_num=178, val-acc@1: nan
[2022-07-30 09:24:19,897][root][INFO] - epoch_num=178, val-acc@5: nan
[2022-07-30 09:29:18,766][root][INFO] - epoch_num=179, train-acc@1: 64.01023441908822
[2022-07-30 09:29:18,768][root][INFO] - epoch_num=179, train-acc@5: 88.72535742803241
[2022-07-30 09:29:18,856][root][INFO] - epoch_num=179, val-acc@1: nan
[2022-07-30 09:29:18,856][root][INFO] - epoch_num=179, val-acc@5: nan
[2022-07-30 09:34:11,787][root][INFO] - epoch_num=180, train-acc@1: 64.01023441908822
[2022-07-30 09:34:11,787][root][INFO] - epoch_num=180, train-acc@5: 88.72535742803241
[2022-07-30 09:34:11,877][root][INFO] - epoch_num=180, val-acc@1: nan
[2022-07-30 09:34:11,877][root][INFO] - epoch_num=180, val-acc@5: nan
[2022-07-30 09:39:04,920][root][INFO] - epoch_num=181, train-acc@1: 64.01023441908822
[2022-07-30 09:39:04,920][root][INFO] - epoch_num=181, train-acc@5: 88.72535742803241
[2022-07-30 09:39:05,012][root][INFO] - epoch_num=181, val-acc@1: nan
[2022-07-30 09:39:05,012][root][INFO] - epoch_num=181, val-acc@5: nan
[2022-07-30 09:43:59,657][root][INFO] - epoch_num=182, train-acc@1: 64.01023441908822
[2022-07-30 09:43:59,658][root][INFO] - epoch_num=182, train-acc@5: 88.72535742803241
[2022-07-30 09:43:59,748][root][INFO] - epoch_num=182, val-acc@1: nan
[2022-07-30 09:43:59,748][root][INFO] - epoch_num=182, val-acc@5: nan
[2022-07-30 09:48:58,687][root][INFO] - epoch_num=183, train-acc@1: 64.01023441908822
[2022-07-30 09:48:58,687][root][INFO] - epoch_num=183, train-acc@5: 88.72535742803241
[2022-07-30 09:48:58,778][root][INFO] - epoch_num=183, val-acc@1: nan
[2022-07-30 09:48:58,778][root][INFO] - epoch_num=183, val-acc@5: nan
[2022-07-30 09:53:47,534][root][INFO] - epoch_num=184, train-acc@1: 64.01023441908822
[2022-07-30 09:53:47,535][root][INFO] - epoch_num=184, train-acc@5: 88.72535742803241
[2022-07-30 09:53:47,624][root][INFO] - epoch_num=184, val-acc@1: nan
[2022-07-30 09:53:47,624][root][INFO] - epoch_num=184, val-acc@5: nan
[2022-07-30 09:58:38,868][root][INFO] - epoch_num=185, train-acc@1: 64.01023441908822
[2022-07-30 09:58:38,868][root][INFO] - epoch_num=185, train-acc@5: 88.72535742803241
[2022-07-30 09:58:38,959][root][INFO] - epoch_num=185, val-acc@1: nan
[2022-07-30 09:58:38,959][root][INFO] - epoch_num=185, val-acc@5: nan
[2022-07-30 10:03:31,569][root][INFO] - epoch_num=186, train-acc@1: 64.01023441908822
[2022-07-30 10:03:31,569][root][INFO] - epoch_num=186, train-acc@5: 88.72535742803241
[2022-07-30 10:03:31,661][root][INFO] - epoch_num=186, val-acc@1: nan
[2022-07-30 10:03:31,661][root][INFO] - epoch_num=186, val-acc@5: nan
[2022-07-30 10:08:24,189][root][INFO] - epoch_num=187, train-acc@1: 64.01023441908822
[2022-07-30 10:08:24,189][root][INFO] - epoch_num=187, train-acc@5: 88.72535742803241
[2022-07-30 10:08:24,280][root][INFO] - epoch_num=187, val-acc@1: nan
[2022-07-30 10:08:24,280][root][INFO] - epoch_num=187, val-acc@5: nan
[2022-07-30 10:13:16,644][root][INFO] - epoch_num=188, train-acc@1: 64.01023441908822
[2022-07-30 10:13:16,645][root][INFO] - epoch_num=188, train-acc@5: 88.72535742803241
[2022-07-30 10:13:16,735][root][INFO] - epoch_num=188, val-acc@1: nan
[2022-07-30 10:13:16,735][root][INFO] - epoch_num=188, val-acc@5: nan
[2022-07-30 10:18:09,377][root][INFO] - epoch_num=189, train-acc@1: 64.01023441908822
[2022-07-30 10:18:09,378][root][INFO] - epoch_num=189, train-acc@5: 88.72535742803241
[2022-07-30 10:18:09,467][root][INFO] - epoch_num=189, val-acc@1: nan
[2022-07-30 10:18:09,468][root][INFO] - epoch_num=189, val-acc@5: nan
[2022-07-30 10:23:02,429][root][INFO] - epoch_num=190, train-acc@1: 64.01023441908822
[2022-07-30 10:23:02,429][root][INFO] - epoch_num=190, train-acc@5: 88.72535742803241
[2022-07-30 10:23:02,519][root][INFO] - epoch_num=190, val-acc@1: nan
[2022-07-30 10:23:02,520][root][INFO] - epoch_num=190, val-acc@5: nan
[2022-07-30 10:27:54,690][root][INFO] - epoch_num=191, train-acc@1: 64.01023441908822
[2022-07-30 10:27:54,690][root][INFO] - epoch_num=191, train-acc@5: 88.72535742803241
[2022-07-30 10:27:54,779][root][INFO] - epoch_num=191, val-acc@1: nan
[2022-07-30 10:27:54,779][root][INFO] - epoch_num=191, val-acc@5: nan
[2022-07-30 10:32:53,207][root][INFO] - epoch_num=192, train-acc@1: 64.01023441908822
[2022-07-30 10:32:53,207][root][INFO] - epoch_num=192, train-acc@5: 88.72535742803241
[2022-07-30 10:32:53,296][root][INFO] - epoch_num=192, val-acc@1: nan
[2022-07-30 10:32:53,297][root][INFO] - epoch_num=192, val-acc@5: nan
[2022-07-30 10:37:46,251][root][INFO] - epoch_num=193, train-acc@1: 64.01023441908822
[2022-07-30 10:37:46,251][root][INFO] - epoch_num=193, train-acc@5: 88.72535742803241
[2022-07-30 10:37:46,356][root][INFO] - epoch_num=193, val-acc@1: nan
[2022-07-30 10:37:46,356][root][INFO] - epoch_num=193, val-acc@5: nan
[2022-07-30 10:42:39,033][root][INFO] - epoch_num=194, train-acc@1: 64.01023441908822
[2022-07-30 10:42:39,033][root][INFO] - epoch_num=194, train-acc@5: 88.72535742803241
[2022-07-30 10:42:39,123][root][INFO] - epoch_num=194, val-acc@1: nan
[2022-07-30 10:42:39,123][root][INFO] - epoch_num=194, val-acc@5: nan
[2022-07-30 10:47:32,079][root][INFO] - epoch_num=195, train-acc@1: 64.01023441908822
[2022-07-30 10:47:32,080][root][INFO] - epoch_num=195, train-acc@5: 88.72535742803241
[2022-07-30 10:47:32,184][root][INFO] - epoch_num=195, val-acc@1: nan
[2022-07-30 10:47:32,185][root][INFO] - epoch_num=195, val-acc@5: nan
[2022-07-30 10:52:24,640][root][INFO] - epoch_num=196, train-acc@1: 64.01023441908822
[2022-07-30 10:52:24,640][root][INFO] - epoch_num=196, train-acc@5: 88.72535742803241
[2022-07-30 10:52:24,731][root][INFO] - epoch_num=196, val-acc@1: nan
[2022-07-30 10:52:24,731][root][INFO] - epoch_num=196, val-acc@5: nan
[2022-07-30 10:57:15,384][root][INFO] - epoch_num=197, train-acc@1: 64.01023441908822
[2022-07-30 10:57:15,385][root][INFO] - epoch_num=197, train-acc@5: 88.72535742803241
[2022-07-30 10:57:15,474][root][INFO] - epoch_num=197, val-acc@1: nan
[2022-07-30 10:57:15,474][root][INFO] - epoch_num=197, val-acc@5: nan
[2022-07-30 11:02:09,178][root][INFO] - epoch_num=198, train-acc@1: 64.01023441908822
[2022-07-30 11:02:09,179][root][INFO] - epoch_num=198, train-acc@5: 88.72535742803241
[2022-07-30 11:02:09,270][root][INFO] - epoch_num=198, val-acc@1: nan
[2022-07-30 11:02:09,271][root][INFO] - epoch_num=198, val-acc@5: nan
[2022-07-30 11:07:05,600][root][INFO] - epoch_num=199, train-acc@1: 64.01023441908822
[2022-07-30 11:07:05,601][root][INFO] - epoch_num=199, train-acc@5: 88.72535742803241
[2022-07-30 11:07:05,692][root][INFO] - epoch_num=199, val-acc@1: nan
[2022-07-30 11:07:05,692][root][INFO] - epoch_num=199, val-acc@5: nan
[2022-07-30 11:11:57,983][root][INFO] - epoch_num=200, train-acc@1: 64.01023441908822
[2022-07-30 11:11:57,983][root][INFO] - epoch_num=200, train-acc@5: 88.72535742803241
[2022-07-30 11:11:58,076][root][INFO] - epoch_num=200, val-acc@1: nan
[2022-07-30 11:11:58,076][root][INFO] - epoch_num=200, val-acc@5: nan
[2022-07-30 11:11:58,377][root][INFO] - Finish!
