[2022-07-21 15:45:25,844][root][INFO] - Start!
[2022-07-21 15:45:36,117][root][INFO] - train-size=10000, val-size=0
[2022-07-21 15:46:21,364][root][INFO] - epoch_num=1, train-acc@1: 56.169999999999995
[2022-07-21 15:46:21,366][root][INFO] - epoch_num=1, train-acc@5: 93.64
[2022-07-21 15:46:21,497][root][INFO] - epoch_num=1, val-acc@1: nan
[2022-07-21 15:46:21,499][root][INFO] - epoch_num=1, val-acc@5: nan
[2022-07-21 15:47:06,113][root][INFO] - epoch_num=2, train-acc@1: 70.62
[2022-07-21 15:47:06,115][root][INFO] - epoch_num=2, train-acc@5: 96.49
[2022-07-21 15:47:06,248][root][INFO] - epoch_num=2, val-acc@1: nan
[2022-07-21 15:47:06,250][root][INFO] - epoch_num=2, val-acc@5: nan
[2022-07-21 15:47:50,547][root][INFO] - epoch_num=3, train-acc@1: 80.47999999999999
[2022-07-21 15:47:50,548][root][INFO] - epoch_num=3, train-acc@5: 98.71
[2022-07-21 15:47:50,671][root][INFO] - epoch_num=3, val-acc@1: nan
[2022-07-21 15:47:50,672][root][INFO] - epoch_num=3, val-acc@5: nan
[2022-07-21 15:48:35,299][root][INFO] - epoch_num=4, train-acc@1: 87.24
[2022-07-21 15:48:35,300][root][INFO] - epoch_num=4, train-acc@5: 99.3
[2022-07-21 15:48:35,433][root][INFO] - epoch_num=4, val-acc@1: nan
[2022-07-21 15:48:35,434][root][INFO] - epoch_num=4, val-acc@5: nan
[2022-07-21 15:49:20,133][root][INFO] - epoch_num=5, train-acc@1: 91.25
[2022-07-21 15:49:20,135][root][INFO] - epoch_num=5, train-acc@5: 99.53999999999999
[2022-07-21 15:49:20,268][root][INFO] - epoch_num=5, val-acc@1: nan
[2022-07-21 15:49:20,270][root][INFO] - epoch_num=5, val-acc@5: nan
[2022-07-21 15:50:04,950][root][INFO] - epoch_num=6, train-acc@1: 93.32000000000001
[2022-07-21 15:50:04,951][root][INFO] - epoch_num=6, train-acc@5: 99.6
[2022-07-21 15:50:05,075][root][INFO] - epoch_num=6, val-acc@1: nan
[2022-07-21 15:50:05,077][root][INFO] - epoch_num=6, val-acc@5: nan
[2022-07-21 15:50:50,110][root][INFO] - epoch_num=7, train-acc@1: 94.36
[2022-07-21 15:50:50,112][root][INFO] - epoch_num=7, train-acc@5: 99.65
[2022-07-21 15:50:50,238][root][INFO] - epoch_num=7, val-acc@1: nan
[2022-07-21 15:50:50,239][root][INFO] - epoch_num=7, val-acc@5: nan
[2022-07-21 15:51:34,878][root][INFO] - epoch_num=8, train-acc@1: 95.02000000000001
[2022-07-21 15:51:34,880][root][INFO] - epoch_num=8, train-acc@5: 99.72999999999999
[2022-07-21 15:51:35,006][root][INFO] - epoch_num=8, val-acc@1: nan
[2022-07-21 15:51:35,007][root][INFO] - epoch_num=8, val-acc@5: nan
[2022-07-21 15:52:19,850][root][INFO] - epoch_num=9, train-acc@1: 95.54
[2022-07-21 15:52:19,852][root][INFO] - epoch_num=9, train-acc@5: 99.74
[2022-07-21 15:52:19,987][root][INFO] - epoch_num=9, val-acc@1: nan
[2022-07-21 15:52:19,988][root][INFO] - epoch_num=9, val-acc@5: nan
[2022-07-21 15:53:04,734][root][INFO] - epoch_num=10, train-acc@1: 95.93
[2022-07-21 15:53:04,736][root][INFO] - epoch_num=10, train-acc@5: 99.75
[2022-07-21 15:53:04,857][root][INFO] - epoch_num=10, val-acc@1: nan
[2022-07-21 15:53:04,859][root][INFO] - epoch_num=10, val-acc@5: nan
[2022-07-21 15:53:49,677][root][INFO] - epoch_num=11, train-acc@1: 96.19
[2022-07-21 15:53:49,678][root][INFO] - epoch_num=11, train-acc@5: 99.79
[2022-07-21 15:53:49,813][root][INFO] - epoch_num=11, val-acc@1: nan
[2022-07-21 15:53:49,814][root][INFO] - epoch_num=11, val-acc@5: nan
[2022-07-21 15:54:34,512][root][INFO] - epoch_num=12, train-acc@1: 96.41999999999999
[2022-07-21 15:54:34,513][root][INFO] - epoch_num=12, train-acc@5: 99.85000000000001
[2022-07-21 15:54:34,647][root][INFO] - epoch_num=12, val-acc@1: nan
[2022-07-21 15:54:34,649][root][INFO] - epoch_num=12, val-acc@5: nan
[2022-07-21 15:55:19,594][root][INFO] - epoch_num=13, train-acc@1: 96.64
[2022-07-21 15:55:19,595][root][INFO] - epoch_num=13, train-acc@5: 99.87
[2022-07-21 15:55:19,737][root][INFO] - epoch_num=13, val-acc@1: nan
[2022-07-21 15:55:19,738][root][INFO] - epoch_num=13, val-acc@5: nan
[2022-07-21 15:56:04,237][root][INFO] - epoch_num=14, train-acc@1: 96.77
[2022-07-21 15:56:04,239][root][INFO] - epoch_num=14, train-acc@5: 99.88
[2022-07-21 15:56:04,359][root][INFO] - epoch_num=14, val-acc@1: nan
[2022-07-21 15:56:04,360][root][INFO] - epoch_num=14, val-acc@5: nan
[2022-07-21 15:56:49,055][root][INFO] - epoch_num=15, train-acc@1: 96.87
[2022-07-21 15:56:49,056][root][INFO] - epoch_num=15, train-acc@5: 99.88
[2022-07-21 15:56:49,179][root][INFO] - epoch_num=15, val-acc@1: nan
[2022-07-21 15:56:49,180][root][INFO] - epoch_num=15, val-acc@5: nan
[2022-07-21 15:57:33,714][root][INFO] - epoch_num=16, train-acc@1: 97.02
[2022-07-21 15:57:33,715][root][INFO] - epoch_num=16, train-acc@5: 99.9
[2022-07-21 15:57:33,836][root][INFO] - epoch_num=16, val-acc@1: nan
[2022-07-21 15:57:33,837][root][INFO] - epoch_num=16, val-acc@5: nan
[2022-07-21 15:58:18,593][root][INFO] - epoch_num=17, train-acc@1: 97.16
[2022-07-21 15:58:18,594][root][INFO] - epoch_num=17, train-acc@5: 99.91
[2022-07-21 15:58:18,714][root][INFO] - epoch_num=17, val-acc@1: nan
[2022-07-21 15:58:18,715][root][INFO] - epoch_num=17, val-acc@5: nan
[2022-07-21 15:59:03,199][root][INFO] - epoch_num=18, train-acc@1: 97.23
[2022-07-21 15:59:03,201][root][INFO] - epoch_num=18, train-acc@5: 99.92999999999999
[2022-07-21 15:59:03,327][root][INFO] - epoch_num=18, val-acc@1: nan
[2022-07-21 15:59:03,328][root][INFO] - epoch_num=18, val-acc@5: nan
[2022-07-21 15:59:48,401][root][INFO] - epoch_num=19, train-acc@1: 97.26
[2022-07-21 15:59:48,402][root][INFO] - epoch_num=19, train-acc@5: 99.95
[2022-07-21 15:59:48,525][root][INFO] - epoch_num=19, val-acc@1: nan
[2022-07-21 15:59:48,526][root][INFO] - epoch_num=19, val-acc@5: nan
[2022-07-21 16:00:33,102][root][INFO] - epoch_num=20, train-acc@1: 97.35000000000001
[2022-07-21 16:00:33,104][root][INFO] - epoch_num=20, train-acc@5: 99.96000000000001
[2022-07-21 16:00:33,257][root][INFO] - epoch_num=20, val-acc@1: nan
[2022-07-21 16:00:33,259][root][INFO] - epoch_num=20, val-acc@5: nan
[2022-07-21 16:00:33,295][root][INFO] - Finish!
