[2022-07-27 16:44:40,804][root][INFO] - Start!
[2022-07-27 16:45:19,534][root][INFO] - train-size=50000, val-size=0
[2022-07-27 16:45:49,565][root][INFO] - epoch_num=1, train-acc@1: 67.44
[2022-07-27 16:45:49,565][root][INFO] - epoch_num=1, train-acc@5: 89.29599999999999
[2022-07-27 16:45:49,715][root][INFO] - epoch_num=1, val-acc@1: nan
[2022-07-27 16:45:49,716][root][INFO] - epoch_num=1, val-acc@5: nan
[2022-07-27 16:46:12,521][root][INFO] - epoch_num=2, train-acc@1: 67.662
[2022-07-27 16:46:12,522][root][INFO] - epoch_num=2, train-acc@5: 89.416
[2022-07-27 16:46:12,666][root][INFO] - epoch_num=2, val-acc@1: nan
[2022-07-27 16:46:12,667][root][INFO] - epoch_num=2, val-acc@5: nan
[2022-07-27 16:46:35,505][root][INFO] - epoch_num=3, train-acc@1: 67.796
[2022-07-27 16:46:35,505][root][INFO] - epoch_num=3, train-acc@5: 89.52799999999999
[2022-07-27 16:46:35,658][root][INFO] - epoch_num=3, val-acc@1: nan
[2022-07-27 16:46:35,658][root][INFO] - epoch_num=3, val-acc@5: nan
[2022-07-27 16:46:59,402][root][INFO] - epoch_num=4, train-acc@1: 67.83200000000001
[2022-07-27 16:46:59,402][root][INFO] - epoch_num=4, train-acc@5: 89.55
[2022-07-27 16:46:59,568][root][INFO] - epoch_num=4, val-acc@1: nan
[2022-07-27 16:46:59,568][root][INFO] - epoch_num=4, val-acc@5: nan
[2022-07-27 16:47:22,440][root][INFO] - epoch_num=5, train-acc@1: 67.812
[2022-07-27 16:47:22,441][root][INFO] - epoch_num=5, train-acc@5: 89.554
[2022-07-27 16:47:22,592][root][INFO] - epoch_num=5, val-acc@1: nan
[2022-07-27 16:47:22,592][root][INFO] - epoch_num=5, val-acc@5: nan
[2022-07-27 16:47:45,479][root][INFO] - epoch_num=6, train-acc@1: 67.888
[2022-07-27 16:47:45,479][root][INFO] - epoch_num=6, train-acc@5: 89.57000000000001
[2022-07-27 16:47:45,627][root][INFO] - epoch_num=6, val-acc@1: nan
[2022-07-27 16:47:45,627][root][INFO] - epoch_num=6, val-acc@5: nan
[2022-07-27 16:48:08,482][root][INFO] - epoch_num=7, train-acc@1: 67.896
[2022-07-27 16:48:08,483][root][INFO] - epoch_num=7, train-acc@5: 89.598
[2022-07-27 16:48:08,635][root][INFO] - epoch_num=7, val-acc@1: nan
[2022-07-27 16:48:08,635][root][INFO] - epoch_num=7, val-acc@5: nan
[2022-07-27 16:48:31,494][root][INFO] - epoch_num=8, train-acc@1: 67.894
[2022-07-27 16:48:31,495][root][INFO] - epoch_num=8, train-acc@5: 89.588
[2022-07-27 16:48:31,643][root][INFO] - epoch_num=8, val-acc@1: nan
[2022-07-27 16:48:31,643][root][INFO] - epoch_num=8, val-acc@5: nan
[2022-07-27 16:48:55,078][root][INFO] - epoch_num=9, train-acc@1: 67.886
[2022-07-27 16:48:55,078][root][INFO] - epoch_num=9, train-acc@5: 89.576
[2022-07-27 16:48:55,243][root][INFO] - epoch_num=9, val-acc@1: nan
[2022-07-27 16:48:55,243][root][INFO] - epoch_num=9, val-acc@5: nan
[2022-07-27 16:49:18,632][root][INFO] - epoch_num=10, train-acc@1: 67.878
[2022-07-27 16:49:18,632][root][INFO] - epoch_num=10, train-acc@5: 89.576
[2022-07-27 16:49:18,783][root][INFO] - epoch_num=10, val-acc@1: nan
[2022-07-27 16:49:18,783][root][INFO] - epoch_num=10, val-acc@5: nan
[2022-07-27 16:49:41,661][root][INFO] - epoch_num=11, train-acc@1: 67.874
[2022-07-27 16:49:41,662][root][INFO] - epoch_num=11, train-acc@5: 89.568
[2022-07-27 16:49:41,831][root][INFO] - epoch_num=11, val-acc@1: nan
[2022-07-27 16:49:41,831][root][INFO] - epoch_num=11, val-acc@5: nan
[2022-07-27 16:50:04,796][root][INFO] - epoch_num=12, train-acc@1: 67.868
[2022-07-27 16:50:04,797][root][INFO] - epoch_num=12, train-acc@5: 89.566
[2022-07-27 16:50:04,949][root][INFO] - epoch_num=12, val-acc@1: nan
[2022-07-27 16:50:04,949][root][INFO] - epoch_num=12, val-acc@5: nan
[2022-07-27 16:50:27,904][root][INFO] - epoch_num=13, train-acc@1: 67.864
[2022-07-27 16:50:27,904][root][INFO] - epoch_num=13, train-acc@5: 89.564
[2022-07-27 16:50:28,058][root][INFO] - epoch_num=13, val-acc@1: nan
[2022-07-27 16:50:28,058][root][INFO] - epoch_num=13, val-acc@5: nan
[2022-07-27 16:50:50,913][root][INFO] - epoch_num=14, train-acc@1: 67.85799999999999
[2022-07-27 16:50:50,914][root][INFO] - epoch_num=14, train-acc@5: 89.562
[2022-07-27 16:50:51,066][root][INFO] - epoch_num=14, val-acc@1: nan
[2022-07-27 16:50:51,066][root][INFO] - epoch_num=14, val-acc@5: nan
[2022-07-27 16:51:14,913][root][INFO] - epoch_num=15, train-acc@1: 67.852
[2022-07-27 16:51:14,913][root][INFO] - epoch_num=15, train-acc@5: 89.558
[2022-07-27 16:51:15,069][root][INFO] - epoch_num=15, val-acc@1: nan
[2022-07-27 16:51:15,069][root][INFO] - epoch_num=15, val-acc@5: nan
[2022-07-27 16:51:38,096][root][INFO] - epoch_num=16, train-acc@1: 67.84599999999999
[2022-07-27 16:51:38,096][root][INFO] - epoch_num=16, train-acc@5: 89.558
[2022-07-27 16:51:38,272][root][INFO] - epoch_num=16, val-acc@1: nan
[2022-07-27 16:51:38,272][root][INFO] - epoch_num=16, val-acc@5: nan
[2022-07-27 16:52:01,051][root][INFO] - epoch_num=17, train-acc@1: 67.84400000000001
[2022-07-27 16:52:01,051][root][INFO] - epoch_num=17, train-acc@5: 89.554
[2022-07-27 16:52:01,209][root][INFO] - epoch_num=17, val-acc@1: nan
[2022-07-27 16:52:01,209][root][INFO] - epoch_num=17, val-acc@5: nan
[2022-07-27 16:52:23,949][root][INFO] - epoch_num=18, train-acc@1: 67.842
[2022-07-27 16:52:23,949][root][INFO] - epoch_num=18, train-acc@5: 89.554
[2022-07-27 16:52:24,115][root][INFO] - epoch_num=18, val-acc@1: nan
[2022-07-27 16:52:24,116][root][INFO] - epoch_num=18, val-acc@5: nan
[2022-07-27 16:52:47,491][root][INFO] - epoch_num=19, train-acc@1: 67.84
[2022-07-27 16:52:47,491][root][INFO] - epoch_num=19, train-acc@5: 89.55199999999999
[2022-07-27 16:52:47,659][root][INFO] - epoch_num=19, val-acc@1: nan
[2022-07-27 16:52:47,659][root][INFO] - epoch_num=19, val-acc@5: nan
[2022-07-27 16:53:09,784][root][INFO] - epoch_num=20, train-acc@1: 67.842
[2022-07-27 16:53:09,785][root][INFO] - epoch_num=20, train-acc@5: 89.55199999999999
[2022-07-27 16:53:09,917][root][INFO] - epoch_num=20, val-acc@1: nan
[2022-07-27 16:53:09,917][root][INFO] - epoch_num=20, val-acc@5: nan
[2022-07-27 16:53:09,936][root][INFO] - Finish!
