[2022-07-27 21:34:27,866][root][INFO] - Start!
[2022-07-27 21:35:08,516][root][INFO] - train-size=1281167, val-size=0
[2022-07-27 21:40:32,796][root][INFO] - epoch_num=1, train-acc@1: 64.01023441908822
[2022-07-27 21:40:32,796][root][INFO] - epoch_num=1, train-acc@5: 88.72535742803241
[2022-07-27 21:40:32,931][root][INFO] - epoch_num=1, val-acc@1: nan
[2022-07-27 21:40:32,931][root][INFO] - epoch_num=1, val-acc@5: nan
[2022-07-27 21:45:38,283][root][INFO] - epoch_num=2, train-acc@1: 64.01023441908822
[2022-07-27 21:45:38,284][root][INFO] - epoch_num=2, train-acc@5: 88.72535742803241
[2022-07-27 21:45:38,433][root][INFO] - epoch_num=2, val-acc@1: nan
[2022-07-27 21:45:38,433][root][INFO] - epoch_num=2, val-acc@5: nan
[2022-07-27 21:50:44,559][root][INFO] - epoch_num=3, train-acc@1: 64.01023441908822
[2022-07-27 21:50:44,559][root][INFO] - epoch_num=3, train-acc@5: 88.72535742803241
[2022-07-27 21:50:44,693][root][INFO] - epoch_num=3, val-acc@1: nan
[2022-07-27 21:50:44,693][root][INFO] - epoch_num=3, val-acc@5: nan
[2022-07-27 21:55:50,832][root][INFO] - epoch_num=4, train-acc@1: 64.01023441908822
[2022-07-27 21:55:50,832][root][INFO] - epoch_num=4, train-acc@5: 88.72535742803241
[2022-07-27 21:55:50,965][root][INFO] - epoch_num=4, val-acc@1: nan
[2022-07-27 21:55:50,965][root][INFO] - epoch_num=4, val-acc@5: nan
[2022-07-27 22:00:57,261][root][INFO] - epoch_num=5, train-acc@1: 64.01023441908822
[2022-07-27 22:00:57,262][root][INFO] - epoch_num=5, train-acc@5: 88.72535742803241
[2022-07-27 22:00:57,395][root][INFO] - epoch_num=5, val-acc@1: nan
[2022-07-27 22:00:57,395][root][INFO] - epoch_num=5, val-acc@5: nan
[2022-07-27 22:06:01,342][root][INFO] - epoch_num=6, train-acc@1: 64.01023441908822
[2022-07-27 22:06:01,342][root][INFO] - epoch_num=6, train-acc@5: 88.72535742803241
[2022-07-27 22:06:01,475][root][INFO] - epoch_num=6, val-acc@1: nan
[2022-07-27 22:06:01,475][root][INFO] - epoch_num=6, val-acc@5: nan
[2022-07-27 22:11:01,322][root][INFO] - epoch_num=7, train-acc@1: 64.01023441908822
[2022-07-27 22:11:01,322][root][INFO] - epoch_num=7, train-acc@5: 88.72535742803241
[2022-07-27 22:11:01,462][root][INFO] - epoch_num=7, val-acc@1: nan
[2022-07-27 22:11:01,462][root][INFO] - epoch_num=7, val-acc@5: nan
[2022-07-27 22:16:02,939][root][INFO] - epoch_num=8, train-acc@1: 64.01023441908822
[2022-07-27 22:16:02,939][root][INFO] - epoch_num=8, train-acc@5: 88.72535742803241
[2022-07-27 22:16:03,071][root][INFO] - epoch_num=8, val-acc@1: nan
[2022-07-27 22:16:03,071][root][INFO] - epoch_num=8, val-acc@5: nan
[2022-07-27 22:21:03,502][root][INFO] - epoch_num=9, train-acc@1: 64.01023441908822
[2022-07-27 22:21:03,502][root][INFO] - epoch_num=9, train-acc@5: 88.72535742803241
[2022-07-27 22:21:03,634][root][INFO] - epoch_num=9, val-acc@1: nan
[2022-07-27 22:21:03,634][root][INFO] - epoch_num=9, val-acc@5: nan
[2022-07-27 22:26:05,477][root][INFO] - epoch_num=10, train-acc@1: 64.01023441908822
[2022-07-27 22:26:05,477][root][INFO] - epoch_num=10, train-acc@5: 88.72535742803241
[2022-07-27 22:26:05,613][root][INFO] - epoch_num=10, val-acc@1: nan
[2022-07-27 22:26:05,613][root][INFO] - epoch_num=10, val-acc@5: nan
[2022-07-27 22:31:04,926][root][INFO] - epoch_num=11, train-acc@1: 64.01023441908822
[2022-07-27 22:31:04,926][root][INFO] - epoch_num=11, train-acc@5: 88.72535742803241
[2022-07-27 22:31:05,060][root][INFO] - epoch_num=11, val-acc@1: nan
[2022-07-27 22:31:05,060][root][INFO] - epoch_num=11, val-acc@5: nan
[2022-07-27 22:36:05,756][root][INFO] - epoch_num=12, train-acc@1: 64.01023441908822
[2022-07-27 22:36:05,756][root][INFO] - epoch_num=12, train-acc@5: 88.72535742803241
[2022-07-27 22:36:05,892][root][INFO] - epoch_num=12, val-acc@1: nan
[2022-07-27 22:36:05,892][root][INFO] - epoch_num=12, val-acc@5: nan
[2022-07-27 22:41:11,261][root][INFO] - epoch_num=13, train-acc@1: 64.01023441908822
[2022-07-27 22:41:11,263][root][INFO] - epoch_num=13, train-acc@5: 88.72535742803241
[2022-07-27 22:41:11,677][root][INFO] - epoch_num=13, val-acc@1: nan
[2022-07-27 22:41:11,678][root][INFO] - epoch_num=13, val-acc@5: nan
[2022-07-27 22:46:15,628][root][INFO] - epoch_num=14, train-acc@1: 64.01023441908822
[2022-07-27 22:46:15,628][root][INFO] - epoch_num=14, train-acc@5: 88.72535742803241
[2022-07-27 22:46:16,113][root][INFO] - epoch_num=14, val-acc@1: nan
[2022-07-27 22:46:16,114][root][INFO] - epoch_num=14, val-acc@5: nan
[2022-07-27 22:51:28,037][root][INFO] - epoch_num=15, train-acc@1: 64.01023441908822
[2022-07-27 22:51:28,037][root][INFO] - epoch_num=15, train-acc@5: 88.72535742803241
[2022-07-27 22:51:28,180][root][INFO] - epoch_num=15, val-acc@1: nan
[2022-07-27 22:51:28,180][root][INFO] - epoch_num=15, val-acc@5: nan
[2022-07-27 22:56:40,204][root][INFO] - epoch_num=16, train-acc@1: 64.01023441908822
[2022-07-27 22:56:40,205][root][INFO] - epoch_num=16, train-acc@5: 88.72535742803241
[2022-07-27 22:56:40,337][root][INFO] - epoch_num=16, val-acc@1: nan
[2022-07-27 22:56:40,338][root][INFO] - epoch_num=16, val-acc@5: nan
[2022-07-27 23:01:55,533][root][INFO] - epoch_num=17, train-acc@1: 64.01023441908822
[2022-07-27 23:01:55,533][root][INFO] - epoch_num=17, train-acc@5: 88.72535742803241
[2022-07-27 23:01:55,666][root][INFO] - epoch_num=17, val-acc@1: nan
[2022-07-27 23:01:55,666][root][INFO] - epoch_num=17, val-acc@5: nan
[2022-07-27 23:07:08,465][root][INFO] - epoch_num=18, train-acc@1: 64.01023441908822
[2022-07-27 23:07:08,466][root][INFO] - epoch_num=18, train-acc@5: 88.72535742803241
[2022-07-27 23:07:08,597][root][INFO] - epoch_num=18, val-acc@1: nan
[2022-07-27 23:07:08,598][root][INFO] - epoch_num=18, val-acc@5: nan
[2022-07-27 23:12:22,832][root][INFO] - epoch_num=19, train-acc@1: 64.01023441908822
[2022-07-27 23:12:22,832][root][INFO] - epoch_num=19, train-acc@5: 88.72535742803241
[2022-07-27 23:12:22,964][root][INFO] - epoch_num=19, val-acc@1: nan
[2022-07-27 23:12:22,965][root][INFO] - epoch_num=19, val-acc@5: nan
[2022-07-27 23:17:34,850][root][INFO] - epoch_num=20, train-acc@1: 64.01023441908822
[2022-07-27 23:17:34,850][root][INFO] - epoch_num=20, train-acc@5: 88.72535742803241
[2022-07-27 23:17:34,984][root][INFO] - epoch_num=20, val-acc@1: nan
[2022-07-27 23:17:34,984][root][INFO] - epoch_num=20, val-acc@5: nan
[2022-07-27 23:22:50,276][root][INFO] - epoch_num=21, train-acc@1: 64.01023441908822
[2022-07-27 23:22:50,277][root][INFO] - epoch_num=21, train-acc@5: 88.72535742803241
[2022-07-27 23:22:50,410][root][INFO] - epoch_num=21, val-acc@1: nan
[2022-07-27 23:22:50,410][root][INFO] - epoch_num=21, val-acc@5: nan
[2022-07-27 23:28:02,674][root][INFO] - epoch_num=22, train-acc@1: 64.01023441908822
[2022-07-27 23:28:02,674][root][INFO] - epoch_num=22, train-acc@5: 88.72535742803241
[2022-07-27 23:28:02,805][root][INFO] - epoch_num=22, val-acc@1: nan
[2022-07-27 23:28:02,805][root][INFO] - epoch_num=22, val-acc@5: nan
[2022-07-27 23:33:17,175][root][INFO] - epoch_num=23, train-acc@1: 64.01023441908822
[2022-07-27 23:33:17,175][root][INFO] - epoch_num=23, train-acc@5: 88.72535742803241
[2022-07-27 23:33:17,308][root][INFO] - epoch_num=23, val-acc@1: nan
[2022-07-27 23:33:17,308][root][INFO] - epoch_num=23, val-acc@5: nan
[2022-07-27 23:38:30,629][root][INFO] - epoch_num=24, train-acc@1: 64.01023441908822
[2022-07-27 23:38:30,630][root][INFO] - epoch_num=24, train-acc@5: 88.72535742803241
[2022-07-27 23:38:30,762][root][INFO] - epoch_num=24, val-acc@1: nan
[2022-07-27 23:38:30,762][root][INFO] - epoch_num=24, val-acc@5: nan
[2022-07-27 23:43:44,164][root][INFO] - epoch_num=25, train-acc@1: 64.01023441908822
[2022-07-27 23:43:44,166][root][INFO] - epoch_num=25, train-acc@5: 88.72535742803241
[2022-07-27 23:43:44,313][root][INFO] - epoch_num=25, val-acc@1: nan
[2022-07-27 23:43:44,313][root][INFO] - epoch_num=25, val-acc@5: nan
[2022-07-27 23:48:54,306][root][INFO] - epoch_num=26, train-acc@1: 64.01023441908822
[2022-07-27 23:48:54,308][root][INFO] - epoch_num=26, train-acc@5: 88.72535742803241
[2022-07-27 23:48:54,439][root][INFO] - epoch_num=26, val-acc@1: nan
[2022-07-27 23:48:54,439][root][INFO] - epoch_num=26, val-acc@5: nan
[2022-07-27 23:54:06,502][root][INFO] - epoch_num=27, train-acc@1: 64.01023441908822
[2022-07-27 23:54:06,502][root][INFO] - epoch_num=27, train-acc@5: 88.72535742803241
[2022-07-27 23:54:06,643][root][INFO] - epoch_num=27, val-acc@1: nan
[2022-07-27 23:54:06,643][root][INFO] - epoch_num=27, val-acc@5: nan
[2022-07-27 23:59:16,825][root][INFO] - epoch_num=28, train-acc@1: 64.01023441908822
[2022-07-27 23:59:16,826][root][INFO] - epoch_num=28, train-acc@5: 88.72535742803241
[2022-07-27 23:59:16,956][root][INFO] - epoch_num=28, val-acc@1: nan
[2022-07-27 23:59:16,956][root][INFO] - epoch_num=28, val-acc@5: nan
[2022-07-28 00:04:26,753][root][INFO] - epoch_num=29, train-acc@1: 64.01023441908822
[2022-07-28 00:04:26,753][root][INFO] - epoch_num=29, train-acc@5: 88.72535742803241
[2022-07-28 00:04:26,885][root][INFO] - epoch_num=29, val-acc@1: nan
[2022-07-28 00:04:26,885][root][INFO] - epoch_num=29, val-acc@5: nan
[2022-07-28 00:09:33,824][root][INFO] - epoch_num=30, train-acc@1: 64.01023441908822
[2022-07-28 00:09:33,824][root][INFO] - epoch_num=30, train-acc@5: 88.72535742803241
[2022-07-28 00:09:33,956][root][INFO] - epoch_num=30, val-acc@1: nan
[2022-07-28 00:09:33,956][root][INFO] - epoch_num=30, val-acc@5: nan
[2022-07-28 00:14:42,642][root][INFO] - epoch_num=31, train-acc@1: 64.01023441908822
[2022-07-28 00:14:42,642][root][INFO] - epoch_num=31, train-acc@5: 88.72535742803241
[2022-07-28 00:14:42,774][root][INFO] - epoch_num=31, val-acc@1: nan
[2022-07-28 00:14:42,774][root][INFO] - epoch_num=31, val-acc@5: nan
[2022-07-28 00:19:50,584][root][INFO] - epoch_num=32, train-acc@1: 64.01023441908822
[2022-07-28 00:19:50,584][root][INFO] - epoch_num=32, train-acc@5: 88.72535742803241
[2022-07-28 00:19:50,715][root][INFO] - epoch_num=32, val-acc@1: nan
[2022-07-28 00:19:50,715][root][INFO] - epoch_num=32, val-acc@5: nan
[2022-07-28 00:24:59,809][root][INFO] - epoch_num=33, train-acc@1: 64.01023441908822
[2022-07-28 00:24:59,809][root][INFO] - epoch_num=33, train-acc@5: 88.72535742803241
[2022-07-28 00:24:59,949][root][INFO] - epoch_num=33, val-acc@1: nan
[2022-07-28 00:24:59,950][root][INFO] - epoch_num=33, val-acc@5: nan
[2022-07-28 00:30:11,884][root][INFO] - epoch_num=34, train-acc@1: 64.01023441908822
[2022-07-28 00:30:11,884][root][INFO] - epoch_num=34, train-acc@5: 88.72535742803241
[2022-07-28 00:30:12,022][root][INFO] - epoch_num=34, val-acc@1: nan
[2022-07-28 00:30:12,022][root][INFO] - epoch_num=34, val-acc@5: nan
[2022-07-28 00:35:25,006][root][INFO] - epoch_num=35, train-acc@1: 64.01023441908822
[2022-07-28 00:35:25,006][root][INFO] - epoch_num=35, train-acc@5: 88.72535742803241
[2022-07-28 00:35:25,142][root][INFO] - epoch_num=35, val-acc@1: nan
[2022-07-28 00:35:25,142][root][INFO] - epoch_num=35, val-acc@5: nan
[2022-07-28 00:40:37,199][root][INFO] - epoch_num=36, train-acc@1: 64.01023441908822
[2022-07-28 00:40:37,199][root][INFO] - epoch_num=36, train-acc@5: 88.72535742803241
[2022-07-28 00:40:37,331][root][INFO] - epoch_num=36, val-acc@1: nan
[2022-07-28 00:40:37,331][root][INFO] - epoch_num=36, val-acc@5: nan
[2022-07-28 00:45:49,557][root][INFO] - epoch_num=37, train-acc@1: 64.01023441908822
[2022-07-28 00:45:49,557][root][INFO] - epoch_num=37, train-acc@5: 88.72535742803241
[2022-07-28 00:45:49,690][root][INFO] - epoch_num=37, val-acc@1: nan
[2022-07-28 00:45:49,690][root][INFO] - epoch_num=37, val-acc@5: nan
[2022-07-28 00:51:02,451][root][INFO] - epoch_num=38, train-acc@1: 64.01023441908822
[2022-07-28 00:51:02,451][root][INFO] - epoch_num=38, train-acc@5: 88.72535742803241
[2022-07-28 00:51:02,583][root][INFO] - epoch_num=38, val-acc@1: nan
[2022-07-28 00:51:02,583][root][INFO] - epoch_num=38, val-acc@5: nan
[2022-07-28 00:56:16,320][root][INFO] - epoch_num=39, train-acc@1: 64.01023441908822
[2022-07-28 00:56:16,322][root][INFO] - epoch_num=39, train-acc@5: 88.72535742803241
[2022-07-28 00:56:16,456][root][INFO] - epoch_num=39, val-acc@1: nan
[2022-07-28 00:56:16,456][root][INFO] - epoch_num=39, val-acc@5: nan
[2022-07-28 01:01:30,661][root][INFO] - epoch_num=40, train-acc@1: 64.01023441908822
[2022-07-28 01:01:30,662][root][INFO] - epoch_num=40, train-acc@5: 88.72535742803241
[2022-07-28 01:01:30,802][root][INFO] - epoch_num=40, val-acc@1: nan
[2022-07-28 01:01:30,802][root][INFO] - epoch_num=40, val-acc@5: nan
[2022-07-28 01:06:44,911][root][INFO] - epoch_num=41, train-acc@1: 64.01023441908822
[2022-07-28 01:06:44,911][root][INFO] - epoch_num=41, train-acc@5: 88.72535742803241
[2022-07-28 01:06:45,047][root][INFO] - epoch_num=41, val-acc@1: nan
[2022-07-28 01:06:45,047][root][INFO] - epoch_num=41, val-acc@5: nan
[2022-07-28 01:11:56,456][root][INFO] - epoch_num=42, train-acc@1: 64.01023441908822
[2022-07-28 01:11:56,456][root][INFO] - epoch_num=42, train-acc@5: 88.72535742803241
[2022-07-28 01:11:56,588][root][INFO] - epoch_num=42, val-acc@1: nan
[2022-07-28 01:11:56,588][root][INFO] - epoch_num=42, val-acc@5: nan
[2022-07-28 01:17:08,543][root][INFO] - epoch_num=43, train-acc@1: 64.01023441908822
[2022-07-28 01:17:08,544][root][INFO] - epoch_num=43, train-acc@5: 88.72535742803241
[2022-07-28 01:17:08,676][root][INFO] - epoch_num=43, val-acc@1: nan
[2022-07-28 01:17:08,676][root][INFO] - epoch_num=43, val-acc@5: nan
[2022-07-28 01:22:21,460][root][INFO] - epoch_num=44, train-acc@1: 64.01023441908822
[2022-07-28 01:22:21,461][root][INFO] - epoch_num=44, train-acc@5: 88.72535742803241
[2022-07-28 01:22:21,592][root][INFO] - epoch_num=44, val-acc@1: nan
[2022-07-28 01:22:21,593][root][INFO] - epoch_num=44, val-acc@5: nan
[2022-07-28 01:27:30,843][root][INFO] - epoch_num=45, train-acc@1: 64.01023441908822
[2022-07-28 01:27:30,843][root][INFO] - epoch_num=45, train-acc@5: 88.72535742803241
[2022-07-28 01:27:30,974][root][INFO] - epoch_num=45, val-acc@1: nan
[2022-07-28 01:27:30,975][root][INFO] - epoch_num=45, val-acc@5: nan
[2022-07-28 01:32:39,906][root][INFO] - epoch_num=46, train-acc@1: 64.01023441908822
[2022-07-28 01:32:39,907][root][INFO] - epoch_num=46, train-acc@5: 88.72535742803241
[2022-07-28 01:32:40,039][root][INFO] - epoch_num=46, val-acc@1: nan
[2022-07-28 01:32:40,039][root][INFO] - epoch_num=46, val-acc@5: nan
[2022-07-28 01:37:47,637][root][INFO] - epoch_num=47, train-acc@1: 64.01023441908822
[2022-07-28 01:37:47,637][root][INFO] - epoch_num=47, train-acc@5: 88.72535742803241
[2022-07-28 01:37:47,771][root][INFO] - epoch_num=47, val-acc@1: nan
[2022-07-28 01:37:47,771][root][INFO] - epoch_num=47, val-acc@5: nan
[2022-07-28 01:42:58,222][root][INFO] - epoch_num=48, train-acc@1: 64.01023441908822
[2022-07-28 01:42:58,223][root][INFO] - epoch_num=48, train-acc@5: 88.72535742803241
[2022-07-28 01:42:58,353][root][INFO] - epoch_num=48, val-acc@1: nan
[2022-07-28 01:42:58,354][root][INFO] - epoch_num=48, val-acc@5: nan
[2022-07-28 01:48:02,637][root][INFO] - epoch_num=49, train-acc@1: 64.01023441908822
[2022-07-28 01:48:02,638][root][INFO] - epoch_num=49, train-acc@5: 88.72535742803241
[2022-07-28 01:48:02,772][root][INFO] - epoch_num=49, val-acc@1: nan
[2022-07-28 01:48:02,772][root][INFO] - epoch_num=49, val-acc@5: nan
[2022-07-28 01:53:11,041][root][INFO] - epoch_num=50, train-acc@1: 64.01023441908822
[2022-07-28 01:53:11,042][root][INFO] - epoch_num=50, train-acc@5: 88.72535742803241
[2022-07-28 01:53:11,172][root][INFO] - epoch_num=50, val-acc@1: nan
[2022-07-28 01:53:11,172][root][INFO] - epoch_num=50, val-acc@5: nan
[2022-07-28 01:58:17,877][root][INFO] - epoch_num=51, train-acc@1: 64.01023441908822
[2022-07-28 01:58:17,878][root][INFO] - epoch_num=51, train-acc@5: 88.72535742803241
[2022-07-28 01:58:18,022][root][INFO] - epoch_num=51, val-acc@1: nan
[2022-07-28 01:58:18,023][root][INFO] - epoch_num=51, val-acc@5: nan
[2022-07-28 02:03:28,765][root][INFO] - epoch_num=52, train-acc@1: 64.01023441908822
[2022-07-28 02:03:28,765][root][INFO] - epoch_num=52, train-acc@5: 88.72535742803241
[2022-07-28 02:03:28,895][root][INFO] - epoch_num=52, val-acc@1: nan
[2022-07-28 02:03:28,895][root][INFO] - epoch_num=52, val-acc@5: nan
[2022-07-28 02:08:40,484][root][INFO] - epoch_num=53, train-acc@1: 64.01023441908822
[2022-07-28 02:08:40,484][root][INFO] - epoch_num=53, train-acc@5: 88.72535742803241
[2022-07-28 02:08:40,728][root][INFO] - epoch_num=53, val-acc@1: nan
[2022-07-28 02:08:40,728][root][INFO] - epoch_num=53, val-acc@5: nan
[2022-07-28 02:13:54,785][root][INFO] - epoch_num=54, train-acc@1: 64.01023441908822
[2022-07-28 02:13:54,786][root][INFO] - epoch_num=54, train-acc@5: 88.72535742803241
[2022-07-28 02:13:54,917][root][INFO] - epoch_num=54, val-acc@1: nan
[2022-07-28 02:13:54,917][root][INFO] - epoch_num=54, val-acc@5: nan
[2022-07-28 02:19:05,600][root][INFO] - epoch_num=55, train-acc@1: 64.01023441908822
[2022-07-28 02:19:05,600][root][INFO] - epoch_num=55, train-acc@5: 88.72535742803241
[2022-07-28 02:19:05,740][root][INFO] - epoch_num=55, val-acc@1: nan
[2022-07-28 02:19:05,740][root][INFO] - epoch_num=55, val-acc@5: nan
[2022-07-28 02:24:19,697][root][INFO] - epoch_num=56, train-acc@1: 64.01023441908822
[2022-07-28 02:24:19,697][root][INFO] - epoch_num=56, train-acc@5: 88.72535742803241
[2022-07-28 02:24:19,834][root][INFO] - epoch_num=56, val-acc@1: nan
[2022-07-28 02:24:19,834][root][INFO] - epoch_num=56, val-acc@5: nan
[2022-07-28 02:29:29,965][root][INFO] - epoch_num=57, train-acc@1: 64.01023441908822
[2022-07-28 02:29:29,965][root][INFO] - epoch_num=57, train-acc@5: 88.72535742803241
[2022-07-28 02:29:30,102][root][INFO] - epoch_num=57, val-acc@1: nan
[2022-07-28 02:29:30,103][root][INFO] - epoch_num=57, val-acc@5: nan
[2022-07-28 02:34:41,275][root][INFO] - epoch_num=58, train-acc@1: 64.01023441908822
[2022-07-28 02:34:41,275][root][INFO] - epoch_num=58, train-acc@5: 88.72535742803241
[2022-07-28 02:34:41,411][root][INFO] - epoch_num=58, val-acc@1: nan
[2022-07-28 02:34:41,411][root][INFO] - epoch_num=58, val-acc@5: nan
[2022-07-28 02:39:51,610][root][INFO] - epoch_num=59, train-acc@1: 64.01023441908822
[2022-07-28 02:39:51,612][root][INFO] - epoch_num=59, train-acc@5: 88.72535742803241
[2022-07-28 02:39:51,742][root][INFO] - epoch_num=59, val-acc@1: nan
[2022-07-28 02:39:51,743][root][INFO] - epoch_num=59, val-acc@5: nan
[2022-07-28 02:45:06,906][root][INFO] - epoch_num=60, train-acc@1: 64.01023441908822
[2022-07-28 02:45:06,907][root][INFO] - epoch_num=60, train-acc@5: 88.72535742803241
[2022-07-28 02:45:07,038][root][INFO] - epoch_num=60, val-acc@1: nan
[2022-07-28 02:45:07,039][root][INFO] - epoch_num=60, val-acc@5: nan
[2022-07-28 02:50:15,968][root][INFO] - epoch_num=61, train-acc@1: 64.01023441908822
[2022-07-28 02:50:15,969][root][INFO] - epoch_num=61, train-acc@5: 88.72535742803241
[2022-07-28 02:50:16,101][root][INFO] - epoch_num=61, val-acc@1: nan
[2022-07-28 02:50:16,101][root][INFO] - epoch_num=61, val-acc@5: nan
[2022-07-28 02:55:30,038][root][INFO] - epoch_num=62, train-acc@1: 64.01023441908822
[2022-07-28 02:55:30,038][root][INFO] - epoch_num=62, train-acc@5: 88.72535742803241
[2022-07-28 02:55:30,172][root][INFO] - epoch_num=62, val-acc@1: nan
[2022-07-28 02:55:30,173][root][INFO] - epoch_num=62, val-acc@5: nan
[2022-07-28 03:00:40,626][root][INFO] - epoch_num=63, train-acc@1: 64.01023441908822
[2022-07-28 03:00:40,629][root][INFO] - epoch_num=63, train-acc@5: 88.72535742803241
[2022-07-28 03:00:40,865][root][INFO] - epoch_num=63, val-acc@1: nan
[2022-07-28 03:00:40,866][root][INFO] - epoch_num=63, val-acc@5: nan
[2022-07-28 03:05:53,548][root][INFO] - epoch_num=64, train-acc@1: 64.01023441908822
[2022-07-28 03:05:53,548][root][INFO] - epoch_num=64, train-acc@5: 88.72535742803241
[2022-07-28 03:05:53,678][root][INFO] - epoch_num=64, val-acc@1: nan
[2022-07-28 03:05:53,679][root][INFO] - epoch_num=64, val-acc@5: nan
[2022-07-28 03:10:57,799][root][INFO] - epoch_num=65, train-acc@1: 64.01023441908822
[2022-07-28 03:10:57,799][root][INFO] - epoch_num=65, train-acc@5: 88.72535742803241
[2022-07-28 03:10:57,946][root][INFO] - epoch_num=65, val-acc@1: nan
[2022-07-28 03:10:57,946][root][INFO] - epoch_num=65, val-acc@5: nan
[2022-07-28 03:16:08,196][root][INFO] - epoch_num=66, train-acc@1: 64.01023441908822
[2022-07-28 03:16:08,196][root][INFO] - epoch_num=66, train-acc@5: 88.72535742803241
[2022-07-28 03:16:08,339][root][INFO] - epoch_num=66, val-acc@1: nan
[2022-07-28 03:16:08,340][root][INFO] - epoch_num=66, val-acc@5: nan
[2022-07-28 03:21:16,304][root][INFO] - epoch_num=67, train-acc@1: 64.01023441908822
[2022-07-28 03:21:16,304][root][INFO] - epoch_num=67, train-acc@5: 88.72535742803241
[2022-07-28 03:21:16,437][root][INFO] - epoch_num=67, val-acc@1: nan
[2022-07-28 03:21:16,437][root][INFO] - epoch_num=67, val-acc@5: nan
[2022-07-28 03:26:26,722][root][INFO] - epoch_num=68, train-acc@1: 64.01023441908822
[2022-07-28 03:26:26,722][root][INFO] - epoch_num=68, train-acc@5: 88.72535742803241
[2022-07-28 03:26:26,853][root][INFO] - epoch_num=68, val-acc@1: nan
[2022-07-28 03:26:26,853][root][INFO] - epoch_num=68, val-acc@5: nan
[2022-07-28 03:31:31,891][root][INFO] - epoch_num=69, train-acc@1: 64.01023441908822
[2022-07-28 03:31:31,891][root][INFO] - epoch_num=69, train-acc@5: 88.72535742803241
[2022-07-28 03:31:32,024][root][INFO] - epoch_num=69, val-acc@1: nan
[2022-07-28 03:31:32,025][root][INFO] - epoch_num=69, val-acc@5: nan
[2022-07-28 03:36:38,073][root][INFO] - epoch_num=70, train-acc@1: 64.01023441908822
[2022-07-28 03:36:38,073][root][INFO] - epoch_num=70, train-acc@5: 88.72535742803241
[2022-07-28 03:36:38,210][root][INFO] - epoch_num=70, val-acc@1: nan
[2022-07-28 03:36:38,210][root][INFO] - epoch_num=70, val-acc@5: nan
[2022-07-28 03:41:45,041][root][INFO] - epoch_num=71, train-acc@1: 64.01023441908822
[2022-07-28 03:41:45,043][root][INFO] - epoch_num=71, train-acc@5: 88.72535742803241
[2022-07-28 03:41:45,171][root][INFO] - epoch_num=71, val-acc@1: nan
[2022-07-28 03:41:45,171][root][INFO] - epoch_num=71, val-acc@5: nan
[2022-07-28 03:46:58,282][root][INFO] - epoch_num=72, train-acc@1: 64.01023441908822
[2022-07-28 03:46:58,283][root][INFO] - epoch_num=72, train-acc@5: 88.72535742803241
[2022-07-28 03:46:58,420][root][INFO] - epoch_num=72, val-acc@1: nan
[2022-07-28 03:46:58,420][root][INFO] - epoch_num=72, val-acc@5: nan
[2022-07-28 03:52:08,302][root][INFO] - epoch_num=73, train-acc@1: 64.01023441908822
[2022-07-28 03:52:08,302][root][INFO] - epoch_num=73, train-acc@5: 88.72535742803241
[2022-07-28 03:52:08,443][root][INFO] - epoch_num=73, val-acc@1: nan
[2022-07-28 03:52:08,443][root][INFO] - epoch_num=73, val-acc@5: nan
[2022-07-28 03:57:22,888][root][INFO] - epoch_num=74, train-acc@1: 64.01023441908822
[2022-07-28 03:57:22,888][root][INFO] - epoch_num=74, train-acc@5: 88.72535742803241
[2022-07-28 03:57:23,020][root][INFO] - epoch_num=74, val-acc@1: nan
[2022-07-28 03:57:23,020][root][INFO] - epoch_num=74, val-acc@5: nan
[2022-07-28 04:02:33,097][root][INFO] - epoch_num=75, train-acc@1: 64.01023441908822
[2022-07-28 04:02:33,098][root][INFO] - epoch_num=75, train-acc@5: 88.72535742803241
[2022-07-28 04:02:33,230][root][INFO] - epoch_num=75, val-acc@1: nan
[2022-07-28 04:02:33,230][root][INFO] - epoch_num=75, val-acc@5: nan
[2022-07-28 04:07:47,985][root][INFO] - epoch_num=76, train-acc@1: 64.01023441908822
[2022-07-28 04:07:47,987][root][INFO] - epoch_num=76, train-acc@5: 88.72535742803241
[2022-07-28 04:07:48,116][root][INFO] - epoch_num=76, val-acc@1: nan
[2022-07-28 04:07:48,116][root][INFO] - epoch_num=76, val-acc@5: nan
[2022-07-28 04:12:56,327][root][INFO] - epoch_num=77, train-acc@1: 64.01023441908822
[2022-07-28 04:12:56,328][root][INFO] - epoch_num=77, train-acc@5: 88.72535742803241
[2022-07-28 04:12:56,460][root][INFO] - epoch_num=77, val-acc@1: nan
[2022-07-28 04:12:56,460][root][INFO] - epoch_num=77, val-acc@5: nan
[2022-07-28 04:18:10,225][root][INFO] - epoch_num=78, train-acc@1: 64.01023441908822
[2022-07-28 04:18:10,225][root][INFO] - epoch_num=78, train-acc@5: 88.72535742803241
[2022-07-28 04:18:10,357][root][INFO] - epoch_num=78, val-acc@1: nan
[2022-07-28 04:18:10,357][root][INFO] - epoch_num=78, val-acc@5: nan
[2022-07-28 04:23:20,991][root][INFO] - epoch_num=79, train-acc@1: 64.01023441908822
[2022-07-28 04:23:20,992][root][INFO] - epoch_num=79, train-acc@5: 88.72535742803241
[2022-07-28 04:23:21,134][root][INFO] - epoch_num=79, val-acc@1: nan
[2022-07-28 04:23:21,134][root][INFO] - epoch_num=79, val-acc@5: nan
[2022-07-28 04:28:34,751][root][INFO] - epoch_num=80, train-acc@1: 64.01023441908822
[2022-07-28 04:28:34,751][root][INFO] - epoch_num=80, train-acc@5: 88.72535742803241
[2022-07-28 04:28:34,883][root][INFO] - epoch_num=80, val-acc@1: nan
[2022-07-28 04:28:34,884][root][INFO] - epoch_num=80, val-acc@5: nan
[2022-07-28 04:33:45,637][root][INFO] - epoch_num=81, train-acc@1: 64.01023441908822
[2022-07-28 04:33:45,637][root][INFO] - epoch_num=81, train-acc@5: 88.72535742803241
[2022-07-28 04:33:45,767][root][INFO] - epoch_num=81, val-acc@1: nan
[2022-07-28 04:33:45,768][root][INFO] - epoch_num=81, val-acc@5: nan
[2022-07-28 04:38:59,774][root][INFO] - epoch_num=82, train-acc@1: 64.01023441908822
[2022-07-28 04:38:59,774][root][INFO] - epoch_num=82, train-acc@5: 88.72535742803241
[2022-07-28 04:38:59,906][root][INFO] - epoch_num=82, val-acc@1: nan
[2022-07-28 04:38:59,906][root][INFO] - epoch_num=82, val-acc@5: nan
[2022-07-28 04:44:10,493][root][INFO] - epoch_num=83, train-acc@1: 64.01023441908822
[2022-07-28 04:44:10,493][root][INFO] - epoch_num=83, train-acc@5: 88.72535742803241
[2022-07-28 04:44:10,640][root][INFO] - epoch_num=83, val-acc@1: nan
[2022-07-28 04:44:10,641][root][INFO] - epoch_num=83, val-acc@5: nan
[2022-07-28 04:49:17,765][root][INFO] - epoch_num=84, train-acc@1: 64.01023441908822
[2022-07-28 04:49:17,765][root][INFO] - epoch_num=84, train-acc@5: 88.72535742803241
[2022-07-28 04:49:17,899][root][INFO] - epoch_num=84, val-acc@1: nan
[2022-07-28 04:49:17,899][root][INFO] - epoch_num=84, val-acc@5: nan
[2022-07-28 04:54:24,506][root][INFO] - epoch_num=85, train-acc@1: 64.01023441908822
[2022-07-28 04:54:24,507][root][INFO] - epoch_num=85, train-acc@5: 88.72535742803241
[2022-07-28 04:54:24,638][root][INFO] - epoch_num=85, val-acc@1: nan
[2022-07-28 04:54:24,638][root][INFO] - epoch_num=85, val-acc@5: nan
[2022-07-28 04:59:29,351][root][INFO] - epoch_num=86, train-acc@1: 64.01023441908822
[2022-07-28 04:59:29,351][root][INFO] - epoch_num=86, train-acc@5: 88.72535742803241
[2022-07-28 04:59:29,483][root][INFO] - epoch_num=86, val-acc@1: nan
[2022-07-28 04:59:29,484][root][INFO] - epoch_num=86, val-acc@5: nan
[2022-07-28 05:04:34,764][root][INFO] - epoch_num=87, train-acc@1: 64.01023441908822
[2022-07-28 05:04:34,764][root][INFO] - epoch_num=87, train-acc@5: 88.72535742803241
[2022-07-28 05:04:34,896][root][INFO] - epoch_num=87, val-acc@1: nan
[2022-07-28 05:04:34,897][root][INFO] - epoch_num=87, val-acc@5: nan
[2022-07-28 05:09:46,184][root][INFO] - epoch_num=88, train-acc@1: 64.01023441908822
[2022-07-28 05:09:46,214][root][INFO] - epoch_num=88, train-acc@5: 88.72535742803241
[2022-07-28 05:09:46,572][root][INFO] - epoch_num=88, val-acc@1: nan
[2022-07-28 05:09:46,572][root][INFO] - epoch_num=88, val-acc@5: nan
[2022-07-28 05:14:53,326][root][INFO] - epoch_num=89, train-acc@1: 64.01023441908822
[2022-07-28 05:14:53,327][root][INFO] - epoch_num=89, train-acc@5: 88.72535742803241
[2022-07-28 05:14:53,458][root][INFO] - epoch_num=89, val-acc@1: nan
[2022-07-28 05:14:53,458][root][INFO] - epoch_num=89, val-acc@5: nan
[2022-07-28 05:20:02,144][root][INFO] - epoch_num=90, train-acc@1: 64.01023441908822
[2022-07-28 05:20:02,144][root][INFO] - epoch_num=90, train-acc@5: 88.72535742803241
[2022-07-28 05:20:02,275][root][INFO] - epoch_num=90, val-acc@1: nan
[2022-07-28 05:20:02,276][root][INFO] - epoch_num=90, val-acc@5: nan
[2022-07-28 05:25:09,737][root][INFO] - epoch_num=91, train-acc@1: 64.01023441908822
[2022-07-28 05:25:09,737][root][INFO] - epoch_num=91, train-acc@5: 88.72535742803241
[2022-07-28 05:25:09,873][root][INFO] - epoch_num=91, val-acc@1: nan
[2022-07-28 05:25:09,873][root][INFO] - epoch_num=91, val-acc@5: nan
[2022-07-28 05:30:23,100][root][INFO] - epoch_num=92, train-acc@1: 64.01023441908822
[2022-07-28 05:30:23,100][root][INFO] - epoch_num=92, train-acc@5: 88.72535742803241
[2022-07-28 05:30:23,506][root][INFO] - epoch_num=92, val-acc@1: nan
[2022-07-28 05:30:23,506][root][INFO] - epoch_num=92, val-acc@5: nan
[2022-07-28 05:35:31,374][root][INFO] - epoch_num=93, train-acc@1: 64.01023441908822
[2022-07-28 05:35:31,375][root][INFO] - epoch_num=93, train-acc@5: 88.72535742803241
[2022-07-28 05:35:31,507][root][INFO] - epoch_num=93, val-acc@1: nan
[2022-07-28 05:35:31,508][root][INFO] - epoch_num=93, val-acc@5: nan
[2022-07-28 05:40:44,747][root][INFO] - epoch_num=94, train-acc@1: 64.01023441908822
[2022-07-28 05:40:44,748][root][INFO] - epoch_num=94, train-acc@5: 88.72535742803241
[2022-07-28 05:40:44,886][root][INFO] - epoch_num=94, val-acc@1: nan
[2022-07-28 05:40:44,886][root][INFO] - epoch_num=94, val-acc@5: nan
[2022-07-28 05:45:56,027][root][INFO] - epoch_num=95, train-acc@1: 64.01023441908822
[2022-07-28 05:45:56,027][root][INFO] - epoch_num=95, train-acc@5: 88.72535742803241
[2022-07-28 05:45:56,160][root][INFO] - epoch_num=95, val-acc@1: nan
[2022-07-28 05:45:56,160][root][INFO] - epoch_num=95, val-acc@5: nan
[2022-07-28 05:51:08,090][root][INFO] - epoch_num=96, train-acc@1: 64.01023441908822
[2022-07-28 05:51:08,092][root][INFO] - epoch_num=96, train-acc@5: 88.72535742803241
[2022-07-28 05:51:08,229][root][INFO] - epoch_num=96, val-acc@1: nan
[2022-07-28 05:51:08,230][root][INFO] - epoch_num=96, val-acc@5: nan
[2022-07-28 05:56:19,370][root][INFO] - epoch_num=97, train-acc@1: 64.01023441908822
[2022-07-28 05:56:19,370][root][INFO] - epoch_num=97, train-acc@5: 88.72535742803241
[2022-07-28 05:56:19,502][root][INFO] - epoch_num=97, val-acc@1: nan
[2022-07-28 05:56:19,502][root][INFO] - epoch_num=97, val-acc@5: nan
[2022-07-28 06:01:31,635][root][INFO] - epoch_num=98, train-acc@1: 64.01023441908822
[2022-07-28 06:01:31,636][root][INFO] - epoch_num=98, train-acc@5: 88.72535742803241
[2022-07-28 06:01:31,770][root][INFO] - epoch_num=98, val-acc@1: nan
[2022-07-28 06:01:31,770][root][INFO] - epoch_num=98, val-acc@5: nan
[2022-07-28 06:06:44,377][root][INFO] - epoch_num=99, train-acc@1: 64.01023441908822
[2022-07-28 06:06:44,377][root][INFO] - epoch_num=99, train-acc@5: 88.72535742803241
[2022-07-28 06:06:44,509][root][INFO] - epoch_num=99, val-acc@1: nan
[2022-07-28 06:06:44,510][root][INFO] - epoch_num=99, val-acc@5: nan
[2022-07-28 06:11:55,733][root][INFO] - epoch_num=100, train-acc@1: 64.01023441908822
[2022-07-28 06:11:55,733][root][INFO] - epoch_num=100, train-acc@5: 88.72535742803241
[2022-07-28 06:11:55,870][root][INFO] - epoch_num=100, val-acc@1: nan
[2022-07-28 06:11:55,870][root][INFO] - epoch_num=100, val-acc@5: nan
[2022-07-28 06:17:08,984][root][INFO] - epoch_num=101, train-acc@1: 64.01023441908822
[2022-07-28 06:17:08,985][root][INFO] - epoch_num=101, train-acc@5: 88.72535742803241
[2022-07-28 06:17:09,115][root][INFO] - epoch_num=101, val-acc@1: nan
[2022-07-28 06:17:09,115][root][INFO] - epoch_num=101, val-acc@5: nan
[2022-07-28 06:22:20,562][root][INFO] - epoch_num=102, train-acc@1: 64.01023441908822
[2022-07-28 06:22:20,562][root][INFO] - epoch_num=102, train-acc@5: 88.72535742803241
[2022-07-28 06:22:20,693][root][INFO] - epoch_num=102, val-acc@1: nan
[2022-07-28 06:22:20,694][root][INFO] - epoch_num=102, val-acc@5: nan
[2022-07-28 06:27:32,248][root][INFO] - epoch_num=103, train-acc@1: 64.01023441908822
[2022-07-28 06:27:32,249][root][INFO] - epoch_num=103, train-acc@5: 88.72535742803241
[2022-07-28 06:27:32,380][root][INFO] - epoch_num=103, val-acc@1: nan
[2022-07-28 06:27:32,380][root][INFO] - epoch_num=103, val-acc@5: nan
[2022-07-28 06:32:40,506][root][INFO] - epoch_num=104, train-acc@1: 64.01023441908822
[2022-07-28 06:32:40,506][root][INFO] - epoch_num=104, train-acc@5: 88.72535742803241
[2022-07-28 06:32:40,640][root][INFO] - epoch_num=104, val-acc@1: nan
[2022-07-28 06:32:40,641][root][INFO] - epoch_num=104, val-acc@5: nan
[2022-07-28 06:37:52,022][root][INFO] - epoch_num=105, train-acc@1: 64.01023441908822
[2022-07-28 06:37:52,022][root][INFO] - epoch_num=105, train-acc@5: 88.72535742803241
[2022-07-28 06:37:52,152][root][INFO] - epoch_num=105, val-acc@1: nan
[2022-07-28 06:37:52,152][root][INFO] - epoch_num=105, val-acc@5: nan
[2022-07-28 06:43:00,326][root][INFO] - epoch_num=106, train-acc@1: 64.01023441908822
[2022-07-28 06:43:00,326][root][INFO] - epoch_num=106, train-acc@5: 88.72535742803241
[2022-07-28 06:43:00,475][root][INFO] - epoch_num=106, val-acc@1: nan
[2022-07-28 06:43:00,475][root][INFO] - epoch_num=106, val-acc@5: nan
[2022-07-28 06:48:10,116][root][INFO] - epoch_num=107, train-acc@1: 64.01023441908822
[2022-07-28 06:48:10,117][root][INFO] - epoch_num=107, train-acc@5: 88.72535742803241
[2022-07-28 06:48:10,248][root][INFO] - epoch_num=107, val-acc@1: nan
[2022-07-28 06:48:10,248][root][INFO] - epoch_num=107, val-acc@5: nan
[2022-07-28 06:53:15,746][root][INFO] - epoch_num=108, train-acc@1: 64.01023441908822
[2022-07-28 06:53:15,746][root][INFO] - epoch_num=108, train-acc@5: 88.72535742803241
[2022-07-28 06:53:15,881][root][INFO] - epoch_num=108, val-acc@1: nan
[2022-07-28 06:53:15,882][root][INFO] - epoch_num=108, val-acc@5: nan
[2022-07-28 06:58:25,921][root][INFO] - epoch_num=109, train-acc@1: 64.01023441908822
[2022-07-28 06:58:25,921][root][INFO] - epoch_num=109, train-acc@5: 88.72535742803241
[2022-07-28 06:58:26,052][root][INFO] - epoch_num=109, val-acc@1: nan
[2022-07-28 06:58:26,052][root][INFO] - epoch_num=109, val-acc@5: nan
[2022-07-28 07:03:33,108][root][INFO] - epoch_num=110, train-acc@1: 64.01023441908822
[2022-07-28 07:03:33,109][root][INFO] - epoch_num=110, train-acc@5: 88.72535742803241
[2022-07-28 07:03:33,256][root][INFO] - epoch_num=110, val-acc@1: nan
[2022-07-28 07:03:33,256][root][INFO] - epoch_num=110, val-acc@5: nan
[2022-07-28 07:08:44,993][root][INFO] - epoch_num=111, train-acc@1: 64.01023441908822
[2022-07-28 07:08:44,993][root][INFO] - epoch_num=111, train-acc@5: 88.72535742803241
[2022-07-28 07:08:45,130][root][INFO] - epoch_num=111, val-acc@1: nan
[2022-07-28 07:08:45,130][root][INFO] - epoch_num=111, val-acc@5: nan
[2022-07-28 07:13:54,113][root][INFO] - epoch_num=112, train-acc@1: 64.01023441908822
[2022-07-28 07:13:54,113][root][INFO] - epoch_num=112, train-acc@5: 88.72535742803241
[2022-07-28 07:13:54,252][root][INFO] - epoch_num=112, val-acc@1: nan
[2022-07-28 07:13:54,253][root][INFO] - epoch_num=112, val-acc@5: nan
[2022-07-28 07:19:06,273][root][INFO] - epoch_num=113, train-acc@1: 64.01023441908822
[2022-07-28 07:19:06,274][root][INFO] - epoch_num=113, train-acc@5: 88.72535742803241
[2022-07-28 07:19:06,427][root][INFO] - epoch_num=113, val-acc@1: nan
[2022-07-28 07:19:06,428][root][INFO] - epoch_num=113, val-acc@5: nan
[2022-07-28 07:24:19,090][root][INFO] - epoch_num=114, train-acc@1: 64.01023441908822
[2022-07-28 07:24:19,092][root][INFO] - epoch_num=114, train-acc@5: 88.72535742803241
[2022-07-28 07:24:19,222][root][INFO] - epoch_num=114, val-acc@1: nan
[2022-07-28 07:24:19,222][root][INFO] - epoch_num=114, val-acc@5: nan
[2022-07-28 07:29:32,624][root][INFO] - epoch_num=115, train-acc@1: 64.01023441908822
[2022-07-28 07:29:32,625][root][INFO] - epoch_num=115, train-acc@5: 88.72535742803241
[2022-07-28 07:29:32,756][root][INFO] - epoch_num=115, val-acc@1: nan
[2022-07-28 07:29:32,756][root][INFO] - epoch_num=115, val-acc@5: nan
[2022-07-28 07:34:44,147][root][INFO] - epoch_num=116, train-acc@1: 64.01023441908822
[2022-07-28 07:34:44,147][root][INFO] - epoch_num=116, train-acc@5: 88.72535742803241
[2022-07-28 07:34:44,281][root][INFO] - epoch_num=116, val-acc@1: nan
[2022-07-28 07:34:44,282][root][INFO] - epoch_num=116, val-acc@5: nan
[2022-07-28 07:39:58,866][root][INFO] - epoch_num=117, train-acc@1: 64.01023441908822
[2022-07-28 07:39:58,866][root][INFO] - epoch_num=117, train-acc@5: 88.72535742803241
[2022-07-28 07:39:58,998][root][INFO] - epoch_num=117, val-acc@1: nan
[2022-07-28 07:39:58,998][root][INFO] - epoch_num=117, val-acc@5: nan
[2022-07-28 07:45:10,633][root][INFO] - epoch_num=118, train-acc@1: 64.01023441908822
[2022-07-28 07:45:10,633][root][INFO] - epoch_num=118, train-acc@5: 88.72535742803241
[2022-07-28 07:45:10,765][root][INFO] - epoch_num=118, val-acc@1: nan
[2022-07-28 07:45:10,765][root][INFO] - epoch_num=118, val-acc@5: nan
[2022-07-28 07:50:26,239][root][INFO] - epoch_num=119, train-acc@1: 64.01023441908822
[2022-07-28 07:50:26,240][root][INFO] - epoch_num=119, train-acc@5: 88.72535742803241
[2022-07-28 07:50:26,372][root][INFO] - epoch_num=119, val-acc@1: nan
[2022-07-28 07:50:26,372][root][INFO] - epoch_num=119, val-acc@5: nan
[2022-07-28 07:55:36,227][root][INFO] - epoch_num=120, train-acc@1: 64.01023441908822
[2022-07-28 07:55:36,228][root][INFO] - epoch_num=120, train-acc@5: 88.72535742803241
[2022-07-28 07:55:36,359][root][INFO] - epoch_num=120, val-acc@1: nan
[2022-07-28 07:55:36,359][root][INFO] - epoch_num=120, val-acc@5: nan
[2022-07-28 08:00:49,024][root][INFO] - epoch_num=121, train-acc@1: 64.01023441908822
[2022-07-28 08:00:49,024][root][INFO] - epoch_num=121, train-acc@5: 88.72535742803241
[2022-07-28 08:00:49,477][root][INFO] - epoch_num=121, val-acc@1: nan
[2022-07-28 08:00:49,478][root][INFO] - epoch_num=121, val-acc@5: nan
[2022-07-28 08:05:59,342][root][INFO] - epoch_num=122, train-acc@1: 64.01023441908822
[2022-07-28 08:05:59,343][root][INFO] - epoch_num=122, train-acc@5: 88.72527937419555
[2022-07-28 08:05:59,475][root][INFO] - epoch_num=122, val-acc@1: nan
[2022-07-28 08:05:59,475][root][INFO] - epoch_num=122, val-acc@5: nan
[2022-07-28 08:11:09,980][root][INFO] - epoch_num=123, train-acc@1: 64.01023441908822
[2022-07-28 08:11:09,980][root][INFO] - epoch_num=123, train-acc@5: 88.72535742803241
[2022-07-28 08:11:10,115][root][INFO] - epoch_num=123, val-acc@1: nan
[2022-07-28 08:11:10,116][root][INFO] - epoch_num=123, val-acc@5: nan
[2022-07-28 08:16:17,746][root][INFO] - epoch_num=124, train-acc@1: 64.01023441908822
[2022-07-28 08:16:17,747][root][INFO] - epoch_num=124, train-acc@5: 88.72535742803241
[2022-07-28 08:16:17,878][root][INFO] - epoch_num=124, val-acc@1: nan
[2022-07-28 08:16:17,878][root][INFO] - epoch_num=124, val-acc@5: nan
[2022-07-28 08:21:26,532][root][INFO] - epoch_num=125, train-acc@1: 64.01023441908822
[2022-07-28 08:21:26,532][root][INFO] - epoch_num=125, train-acc@5: 88.72535742803241
[2022-07-28 08:21:26,664][root][INFO] - epoch_num=125, val-acc@1: nan
[2022-07-28 08:21:26,664][root][INFO] - epoch_num=125, val-acc@5: nan
[2022-07-28 08:26:35,490][root][INFO] - epoch_num=126, train-acc@1: 64.01023441908822
[2022-07-28 08:26:35,492][root][INFO] - epoch_num=126, train-acc@5: 88.72535742803241
[2022-07-28 08:26:35,621][root][INFO] - epoch_num=126, val-acc@1: nan
[2022-07-28 08:26:35,622][root][INFO] - epoch_num=126, val-acc@5: nan
[2022-07-28 08:31:47,089][root][INFO] - epoch_num=127, train-acc@1: 64.01023441908822
[2022-07-28 08:31:47,089][root][INFO] - epoch_num=127, train-acc@5: 88.72535742803241
[2022-07-28 08:31:47,222][root][INFO] - epoch_num=127, val-acc@1: nan
[2022-07-28 08:31:47,222][root][INFO] - epoch_num=127, val-acc@5: nan
[2022-07-28 08:36:55,515][root][INFO] - epoch_num=128, train-acc@1: 64.01023441908822
[2022-07-28 08:36:55,515][root][INFO] - epoch_num=128, train-acc@5: 88.72535742803241
[2022-07-28 08:36:55,757][root][INFO] - epoch_num=128, val-acc@1: nan
[2022-07-28 08:36:55,757][root][INFO] - epoch_num=128, val-acc@5: nan
[2022-07-28 08:42:05,425][root][INFO] - epoch_num=129, train-acc@1: 64.01023441908822
[2022-07-28 08:42:05,426][root][INFO] - epoch_num=129, train-acc@5: 88.72535742803241
[2022-07-28 08:42:05,558][root][INFO] - epoch_num=129, val-acc@1: nan
[2022-07-28 08:42:05,558][root][INFO] - epoch_num=129, val-acc@5: nan
[2022-07-28 08:47:13,791][root][INFO] - epoch_num=130, train-acc@1: 64.01023441908822
[2022-07-28 08:47:13,792][root][INFO] - epoch_num=130, train-acc@5: 88.72535742803241
[2022-07-28 08:47:13,922][root][INFO] - epoch_num=130, val-acc@1: nan
[2022-07-28 08:47:13,923][root][INFO] - epoch_num=130, val-acc@5: nan
[2022-07-28 08:52:29,830][root][INFO] - epoch_num=131, train-acc@1: 64.01023441908822
[2022-07-28 08:52:29,830][root][INFO] - epoch_num=131, train-acc@5: 88.72535742803241
[2022-07-28 08:52:29,961][root][INFO] - epoch_num=131, val-acc@1: nan
[2022-07-28 08:52:29,962][root][INFO] - epoch_num=131, val-acc@5: nan
[2022-07-28 08:57:42,507][root][INFO] - epoch_num=132, train-acc@1: 64.01023441908822
[2022-07-28 08:57:42,507][root][INFO] - epoch_num=132, train-acc@5: 88.72535742803241
[2022-07-28 08:57:42,638][root][INFO] - epoch_num=132, val-acc@1: nan
[2022-07-28 08:57:42,639][root][INFO] - epoch_num=132, val-acc@5: nan
[2022-07-28 09:02:56,963][root][INFO] - epoch_num=133, train-acc@1: 64.01023441908822
[2022-07-28 09:02:56,963][root][INFO] - epoch_num=133, train-acc@5: 88.72535742803241
[2022-07-28 09:02:57,094][root][INFO] - epoch_num=133, val-acc@1: nan
[2022-07-28 09:02:57,094][root][INFO] - epoch_num=133, val-acc@5: nan
[2022-07-28 09:08:08,929][root][INFO] - epoch_num=134, train-acc@1: 64.01023441908822
[2022-07-28 09:08:08,929][root][INFO] - epoch_num=134, train-acc@5: 88.72535742803241
[2022-07-28 09:08:09,067][root][INFO] - epoch_num=134, val-acc@1: nan
[2022-07-28 09:08:09,067][root][INFO] - epoch_num=134, val-acc@5: nan
[2022-07-28 09:13:19,833][root][INFO] - epoch_num=135, train-acc@1: 64.01023441908822
[2022-07-28 09:13:19,833][root][INFO] - epoch_num=135, train-acc@5: 88.72535742803241
[2022-07-28 09:13:19,972][root][INFO] - epoch_num=135, val-acc@1: nan
[2022-07-28 09:13:19,972][root][INFO] - epoch_num=135, val-acc@5: nan
[2022-07-28 09:18:29,547][root][INFO] - epoch_num=136, train-acc@1: 64.01023441908822
[2022-07-28 09:18:29,548][root][INFO] - epoch_num=136, train-acc@5: 88.72535742803241
[2022-07-28 09:18:29,682][root][INFO] - epoch_num=136, val-acc@1: nan
[2022-07-28 09:18:29,682][root][INFO] - epoch_num=136, val-acc@5: nan
[2022-07-28 09:23:41,516][root][INFO] - epoch_num=137, train-acc@1: 64.01023441908822
[2022-07-28 09:23:41,517][root][INFO] - epoch_num=137, train-acc@5: 88.72535742803241
[2022-07-28 09:23:41,649][root][INFO] - epoch_num=137, val-acc@1: nan
[2022-07-28 09:23:41,649][root][INFO] - epoch_num=137, val-acc@5: nan
[2022-07-28 09:28:52,769][root][INFO] - epoch_num=138, train-acc@1: 64.01023441908822
[2022-07-28 09:28:52,769][root][INFO] - epoch_num=138, train-acc@5: 88.72535742803241
[2022-07-28 09:28:52,931][root][INFO] - epoch_num=138, val-acc@1: nan
[2022-07-28 09:28:52,931][root][INFO] - epoch_num=138, val-acc@5: nan
[2022-07-28 09:34:08,199][root][INFO] - epoch_num=139, train-acc@1: 64.01023441908822
[2022-07-28 09:34:08,202][root][INFO] - epoch_num=139, train-acc@5: 88.72535742803241
[2022-07-28 09:34:08,340][root][INFO] - epoch_num=139, val-acc@1: nan
[2022-07-28 09:34:08,341][root][INFO] - epoch_num=139, val-acc@5: nan
[2022-07-28 09:39:20,052][root][INFO] - epoch_num=140, train-acc@1: 64.01023441908822
[2022-07-28 09:39:20,053][root][INFO] - epoch_num=140, train-acc@5: 88.72535742803241
[2022-07-28 09:39:20,194][root][INFO] - epoch_num=140, val-acc@1: nan
[2022-07-28 09:39:20,195][root][INFO] - epoch_num=140, val-acc@5: nan
[2022-07-28 09:44:35,235][root][INFO] - epoch_num=141, train-acc@1: 64.01023441908822
[2022-07-28 09:44:35,236][root][INFO] - epoch_num=141, train-acc@5: 88.72535742803241
[2022-07-28 09:44:35,369][root][INFO] - epoch_num=141, val-acc@1: nan
[2022-07-28 09:44:35,369][root][INFO] - epoch_num=141, val-acc@5: nan
[2022-07-28 09:49:43,181][root][INFO] - epoch_num=142, train-acc@1: 64.01023441908822
[2022-07-28 09:49:43,181][root][INFO] - epoch_num=142, train-acc@5: 88.72535742803241
[2022-07-28 09:49:43,322][root][INFO] - epoch_num=142, val-acc@1: nan
[2022-07-28 09:49:43,323][root][INFO] - epoch_num=142, val-acc@5: nan
[2022-07-28 09:54:52,346][root][INFO] - epoch_num=143, train-acc@1: 64.01023441908822
[2022-07-28 09:54:52,347][root][INFO] - epoch_num=143, train-acc@5: 88.72535742803241
[2022-07-28 09:54:52,478][root][INFO] - epoch_num=143, val-acc@1: nan
[2022-07-28 09:54:52,479][root][INFO] - epoch_num=143, val-acc@5: nan
[2022-07-28 10:00:01,827][root][INFO] - epoch_num=144, train-acc@1: 64.01023441908822
[2022-07-28 10:00:01,827][root][INFO] - epoch_num=144, train-acc@5: 88.72535742803241
[2022-07-28 10:00:01,958][root][INFO] - epoch_num=144, val-acc@1: nan
[2022-07-28 10:00:01,958][root][INFO] - epoch_num=144, val-acc@5: nan
[2022-07-28 10:05:13,911][root][INFO] - epoch_num=145, train-acc@1: 64.01023441908822
[2022-07-28 10:05:13,912][root][INFO] - epoch_num=145, train-acc@5: 88.72535742803241
[2022-07-28 10:05:14,044][root][INFO] - epoch_num=145, val-acc@1: nan
[2022-07-28 10:05:14,044][root][INFO] - epoch_num=145, val-acc@5: nan
[2022-07-28 10:10:20,559][root][INFO] - epoch_num=146, train-acc@1: 64.01023441908822
[2022-07-28 10:10:20,559][root][INFO] - epoch_num=146, train-acc@5: 88.72535742803241
[2022-07-28 10:10:20,689][root][INFO] - epoch_num=146, val-acc@1: nan
[2022-07-28 10:10:20,690][root][INFO] - epoch_num=146, val-acc@5: nan
[2022-07-28 10:15:31,464][root][INFO] - epoch_num=147, train-acc@1: 64.01023441908822
[2022-07-28 10:15:31,464][root][INFO] - epoch_num=147, train-acc@5: 88.72535742803241
[2022-07-28 10:15:31,599][root][INFO] - epoch_num=147, val-acc@1: nan
[2022-07-28 10:15:31,599][root][INFO] - epoch_num=147, val-acc@5: nan
[2022-07-28 10:20:40,425][root][INFO] - epoch_num=148, train-acc@1: 64.01023441908822
[2022-07-28 10:20:40,426][root][INFO] - epoch_num=148, train-acc@5: 88.72535742803241
[2022-07-28 10:20:40,557][root][INFO] - epoch_num=148, val-acc@1: nan
[2022-07-28 10:20:40,557][root][INFO] - epoch_num=148, val-acc@5: nan
[2022-07-28 10:25:45,033][root][INFO] - epoch_num=149, train-acc@1: 64.01023441908822
[2022-07-28 10:25:45,034][root][INFO] - epoch_num=149, train-acc@5: 88.72535742803241
[2022-07-28 10:25:45,165][root][INFO] - epoch_num=149, val-acc@1: nan
[2022-07-28 10:25:45,165][root][INFO] - epoch_num=149, val-acc@5: nan
[2022-07-28 10:30:58,642][root][INFO] - epoch_num=150, train-acc@1: 64.01023441908822
[2022-07-28 10:30:58,642][root][INFO] - epoch_num=150, train-acc@5: 88.72535742803241
[2022-07-28 10:30:58,776][root][INFO] - epoch_num=150, val-acc@1: nan
[2022-07-28 10:30:58,776][root][INFO] - epoch_num=150, val-acc@5: nan
[2022-07-28 10:36:12,552][root][INFO] - epoch_num=151, train-acc@1: 64.01023441908822
[2022-07-28 10:36:12,554][root][INFO] - epoch_num=151, train-acc@5: 88.72535742803241
[2022-07-28 10:36:12,714][root][INFO] - epoch_num=151, val-acc@1: nan
[2022-07-28 10:36:12,714][root][INFO] - epoch_num=151, val-acc@5: nan
[2022-07-28 10:41:25,493][root][INFO] - epoch_num=152, train-acc@1: 64.01023441908822
[2022-07-28 10:41:25,493][root][INFO] - epoch_num=152, train-acc@5: 88.72535742803241
[2022-07-28 10:41:25,624][root][INFO] - epoch_num=152, val-acc@1: nan
[2022-07-28 10:41:25,624][root][INFO] - epoch_num=152, val-acc@5: nan
[2022-07-28 10:46:38,763][root][INFO] - epoch_num=153, train-acc@1: 64.01023441908822
[2022-07-28 10:46:38,763][root][INFO] - epoch_num=153, train-acc@5: 88.72535742803241
[2022-07-28 10:46:38,897][root][INFO] - epoch_num=153, val-acc@1: nan
[2022-07-28 10:46:38,898][root][INFO] - epoch_num=153, val-acc@5: nan
[2022-07-28 10:51:53,322][root][INFO] - epoch_num=154, train-acc@1: 64.01023441908822
[2022-07-28 10:51:53,323][root][INFO] - epoch_num=154, train-acc@5: 88.72535742803241
[2022-07-28 10:51:53,454][root][INFO] - epoch_num=154, val-acc@1: nan
[2022-07-28 10:51:53,454][root][INFO] - epoch_num=154, val-acc@5: nan
[2022-07-28 10:57:05,471][root][INFO] - epoch_num=155, train-acc@1: 64.01023441908822
[2022-07-28 10:57:05,472][root][INFO] - epoch_num=155, train-acc@5: 88.72535742803241
[2022-07-28 10:57:05,606][root][INFO] - epoch_num=155, val-acc@1: nan
[2022-07-28 10:57:05,606][root][INFO] - epoch_num=155, val-acc@5: nan
[2022-07-28 11:02:17,279][root][INFO] - epoch_num=156, train-acc@1: 64.01023441908822
[2022-07-28 11:02:17,280][root][INFO] - epoch_num=156, train-acc@5: 88.72535742803241
[2022-07-28 11:02:17,664][root][INFO] - epoch_num=156, val-acc@1: nan
[2022-07-28 11:02:17,664][root][INFO] - epoch_num=156, val-acc@5: nan
[2022-07-28 11:07:32,821][root][INFO] - epoch_num=157, train-acc@1: 64.01023441908822
[2022-07-28 11:07:32,821][root][INFO] - epoch_num=157, train-acc@5: 88.72535742803241
[2022-07-28 11:07:32,953][root][INFO] - epoch_num=157, val-acc@1: nan
[2022-07-28 11:07:32,954][root][INFO] - epoch_num=157, val-acc@5: nan
[2022-07-28 11:12:46,970][root][INFO] - epoch_num=158, train-acc@1: 64.01023441908822
[2022-07-28 11:12:46,971][root][INFO] - epoch_num=158, train-acc@5: 88.72535742803241
[2022-07-28 11:12:47,102][root][INFO] - epoch_num=158, val-acc@1: nan
[2022-07-28 11:12:47,102][root][INFO] - epoch_num=158, val-acc@5: nan
[2022-07-28 11:18:01,633][root][INFO] - epoch_num=159, train-acc@1: 64.01023441908822
[2022-07-28 11:18:01,633][root][INFO] - epoch_num=159, train-acc@5: 88.72535742803241
[2022-07-28 11:18:01,767][root][INFO] - epoch_num=159, val-acc@1: nan
[2022-07-28 11:18:01,767][root][INFO] - epoch_num=159, val-acc@5: nan
[2022-07-28 11:23:14,991][root][INFO] - epoch_num=160, train-acc@1: 64.01023441908822
[2022-07-28 11:23:14,991][root][INFO] - epoch_num=160, train-acc@5: 88.72535742803241
[2022-07-28 11:23:15,123][root][INFO] - epoch_num=160, val-acc@1: nan
[2022-07-28 11:23:15,123][root][INFO] - epoch_num=160, val-acc@5: nan
[2022-07-28 11:28:25,589][root][INFO] - epoch_num=161, train-acc@1: 64.01023441908822
[2022-07-28 11:28:25,589][root][INFO] - epoch_num=161, train-acc@5: 88.72535742803241
[2022-07-28 11:28:25,721][root][INFO] - epoch_num=161, val-acc@1: nan
[2022-07-28 11:28:25,722][root][INFO] - epoch_num=161, val-acc@5: nan
[2022-07-28 11:33:30,926][root][INFO] - epoch_num=162, train-acc@1: 64.01023441908822
[2022-07-28 11:33:30,926][root][INFO] - epoch_num=162, train-acc@5: 88.72535742803241
[2022-07-28 11:33:31,060][root][INFO] - epoch_num=162, val-acc@1: nan
[2022-07-28 11:33:31,060][root][INFO] - epoch_num=162, val-acc@5: nan
[2022-07-28 11:38:40,542][root][INFO] - epoch_num=163, train-acc@1: 64.01023441908822
[2022-07-28 11:38:40,542][root][INFO] - epoch_num=163, train-acc@5: 88.72535742803241
[2022-07-28 11:38:40,674][root][INFO] - epoch_num=163, val-acc@1: nan
[2022-07-28 11:38:40,675][root][INFO] - epoch_num=163, val-acc@5: nan
[2022-07-28 11:43:49,202][root][INFO] - epoch_num=164, train-acc@1: 64.01023441908822
[2022-07-28 11:43:49,204][root][INFO] - epoch_num=164, train-acc@5: 88.72535742803241
[2022-07-28 11:43:49,333][root][INFO] - epoch_num=164, val-acc@1: nan
[2022-07-28 11:43:49,334][root][INFO] - epoch_num=164, val-acc@5: nan
[2022-07-28 11:48:57,324][root][INFO] - epoch_num=165, train-acc@1: 64.01023441908822
[2022-07-28 11:48:57,324][root][INFO] - epoch_num=165, train-acc@5: 88.72535742803241
[2022-07-28 11:48:57,456][root][INFO] - epoch_num=165, val-acc@1: nan
[2022-07-28 11:48:57,456][root][INFO] - epoch_num=165, val-acc@5: nan
[2022-07-28 11:54:08,878][root][INFO] - epoch_num=166, train-acc@1: 64.01023441908822
[2022-07-28 11:54:08,878][root][INFO] - epoch_num=166, train-acc@5: 88.72535742803241
[2022-07-28 11:54:09,010][root][INFO] - epoch_num=166, val-acc@1: nan
[2022-07-28 11:54:09,011][root][INFO] - epoch_num=166, val-acc@5: nan
[2022-07-28 11:59:18,107][root][INFO] - epoch_num=167, train-acc@1: 64.01023441908822
[2022-07-28 11:59:18,108][root][INFO] - epoch_num=167, train-acc@5: 88.72535742803241
[2022-07-28 11:59:18,239][root][INFO] - epoch_num=167, val-acc@1: nan
[2022-07-28 11:59:18,239][root][INFO] - epoch_num=167, val-acc@5: nan
[2022-07-28 12:04:27,298][root][INFO] - epoch_num=168, train-acc@1: 64.01023441908822
[2022-07-28 12:04:27,298][root][INFO] - epoch_num=168, train-acc@5: 88.72535742803241
[2022-07-28 12:04:27,429][root][INFO] - epoch_num=168, val-acc@1: nan
[2022-07-28 12:04:27,430][root][INFO] - epoch_num=168, val-acc@5: nan
[2022-07-28 12:09:39,985][root][INFO] - epoch_num=169, train-acc@1: 64.01023441908822
[2022-07-28 12:09:39,985][root][INFO] - epoch_num=169, train-acc@5: 88.72535742803241
[2022-07-28 12:09:40,126][root][INFO] - epoch_num=169, val-acc@1: nan
[2022-07-28 12:09:40,126][root][INFO] - epoch_num=169, val-acc@5: nan
[2022-07-28 12:14:52,438][root][INFO] - epoch_num=170, train-acc@1: 64.01023441908822
[2022-07-28 12:14:52,438][root][INFO] - epoch_num=170, train-acc@5: 88.72535742803241
[2022-07-28 12:14:52,568][root][INFO] - epoch_num=170, val-acc@1: nan
[2022-07-28 12:14:52,569][root][INFO] - epoch_num=170, val-acc@5: nan
[2022-07-28 12:20:06,975][root][INFO] - epoch_num=171, train-acc@1: 64.01023441908822
[2022-07-28 12:20:06,975][root][INFO] - epoch_num=171, train-acc@5: 88.72535742803241
[2022-07-28 12:20:07,111][root][INFO] - epoch_num=171, val-acc@1: nan
[2022-07-28 12:20:07,111][root][INFO] - epoch_num=171, val-acc@5: nan
[2022-07-28 12:25:22,129][root][INFO] - epoch_num=172, train-acc@1: 64.01023441908822
[2022-07-28 12:25:22,129][root][INFO] - epoch_num=172, train-acc@5: 88.72535742803241
[2022-07-28 12:25:22,260][root][INFO] - epoch_num=172, val-acc@1: nan
[2022-07-28 12:25:22,261][root][INFO] - epoch_num=172, val-acc@5: nan
[2022-07-28 12:30:36,694][root][INFO] - epoch_num=173, train-acc@1: 64.01023441908822
[2022-07-28 12:30:36,694][root][INFO] - epoch_num=173, train-acc@5: 88.72535742803241
[2022-07-28 12:30:36,829][root][INFO] - epoch_num=173, val-acc@1: nan
[2022-07-28 12:30:36,829][root][INFO] - epoch_num=173, val-acc@5: nan
[2022-07-28 12:35:50,807][root][INFO] - epoch_num=174, train-acc@1: 64.01023441908822
[2022-07-28 12:35:50,807][root][INFO] - epoch_num=174, train-acc@5: 88.72535742803241
[2022-07-28 12:35:50,938][root][INFO] - epoch_num=174, val-acc@1: nan
[2022-07-28 12:35:50,938][root][INFO] - epoch_num=174, val-acc@5: nan
[2022-07-28 12:41:05,890][root][INFO] - epoch_num=175, train-acc@1: 64.01023441908822
[2022-07-28 12:41:05,891][root][INFO] - epoch_num=175, train-acc@5: 88.72535742803241
[2022-07-28 12:41:06,023][root][INFO] - epoch_num=175, val-acc@1: nan
[2022-07-28 12:41:06,023][root][INFO] - epoch_num=175, val-acc@5: nan
[2022-07-28 12:46:22,486][root][INFO] - epoch_num=176, train-acc@1: 64.01023441908822
[2022-07-28 12:46:22,488][root][INFO] - epoch_num=176, train-acc@5: 88.72535742803241
[2022-07-28 12:46:22,620][root][INFO] - epoch_num=176, val-acc@1: nan
[2022-07-28 12:46:22,621][root][INFO] - epoch_num=176, val-acc@5: nan
[2022-07-28 12:51:33,863][root][INFO] - epoch_num=177, train-acc@1: 64.01023441908822
[2022-07-28 12:51:33,864][root][INFO] - epoch_num=177, train-acc@5: 88.72535742803241
[2022-07-28 12:51:34,009][root][INFO] - epoch_num=177, val-acc@1: nan
[2022-07-28 12:51:34,009][root][INFO] - epoch_num=177, val-acc@5: nan
[2022-07-28 12:56:47,072][root][INFO] - epoch_num=178, train-acc@1: 64.01023441908822
[2022-07-28 12:56:47,072][root][INFO] - epoch_num=178, train-acc@5: 88.72535742803241
[2022-07-28 12:56:47,204][root][INFO] - epoch_num=178, val-acc@1: nan
[2022-07-28 12:56:47,204][root][INFO] - epoch_num=178, val-acc@5: nan
[2022-07-28 13:02:00,808][root][INFO] - epoch_num=179, train-acc@1: 64.01023441908822
[2022-07-28 13:02:00,809][root][INFO] - epoch_num=179, train-acc@5: 88.72535742803241
[2022-07-28 13:02:00,951][root][INFO] - epoch_num=179, val-acc@1: nan
[2022-07-28 13:02:00,952][root][INFO] - epoch_num=179, val-acc@5: nan
[2022-07-28 13:07:15,129][root][INFO] - epoch_num=180, train-acc@1: 64.01023441908822
[2022-07-28 13:07:15,129][root][INFO] - epoch_num=180, train-acc@5: 88.72535742803241
[2022-07-28 13:07:15,260][root][INFO] - epoch_num=180, val-acc@1: nan
[2022-07-28 13:07:15,260][root][INFO] - epoch_num=180, val-acc@5: nan
[2022-07-28 13:12:26,493][root][INFO] - epoch_num=181, train-acc@1: 64.01023441908822
[2022-07-28 13:12:26,493][root][INFO] - epoch_num=181, train-acc@5: 88.72535742803241
[2022-07-28 13:12:26,628][root][INFO] - epoch_num=181, val-acc@1: nan
[2022-07-28 13:12:26,628][root][INFO] - epoch_num=181, val-acc@5: nan
[2022-07-28 13:17:37,941][root][INFO] - epoch_num=182, train-acc@1: 64.01023441908822
[2022-07-28 13:17:37,941][root][INFO] - epoch_num=182, train-acc@5: 88.72535742803241
[2022-07-28 13:17:38,072][root][INFO] - epoch_num=182, val-acc@1: nan
[2022-07-28 13:17:38,073][root][INFO] - epoch_num=182, val-acc@5: nan
[2022-07-28 13:22:49,314][root][INFO] - epoch_num=183, train-acc@1: 64.01023441908822
[2022-07-28 13:22:49,314][root][INFO] - epoch_num=183, train-acc@5: 88.72535742803241
[2022-07-28 13:22:49,446][root][INFO] - epoch_num=183, val-acc@1: nan
[2022-07-28 13:22:49,446][root][INFO] - epoch_num=183, val-acc@5: nan
[2022-07-28 13:27:58,171][root][INFO] - epoch_num=184, train-acc@1: 64.01023441908822
[2022-07-28 13:27:58,172][root][INFO] - epoch_num=184, train-acc@5: 88.72535742803241
[2022-07-28 13:27:58,303][root][INFO] - epoch_num=184, val-acc@1: nan
[2022-07-28 13:27:58,304][root][INFO] - epoch_num=184, val-acc@5: nan
[2022-07-28 13:33:06,158][root][INFO] - epoch_num=185, train-acc@1: 64.01023441908822
[2022-07-28 13:33:06,158][root][INFO] - epoch_num=185, train-acc@5: 88.72535742803241
[2022-07-28 13:33:06,289][root][INFO] - epoch_num=185, val-acc@1: nan
[2022-07-28 13:33:06,290][root][INFO] - epoch_num=185, val-acc@5: nan
[2022-07-28 13:38:14,512][root][INFO] - epoch_num=186, train-acc@1: 64.01023441908822
[2022-07-28 13:38:14,512][root][INFO] - epoch_num=186, train-acc@5: 88.72535742803241
[2022-07-28 13:38:14,645][root][INFO] - epoch_num=186, val-acc@1: nan
[2022-07-28 13:38:14,646][root][INFO] - epoch_num=186, val-acc@5: nan
[2022-07-28 13:43:23,548][root][INFO] - epoch_num=187, train-acc@1: 64.01023441908822
[2022-07-28 13:43:23,548][root][INFO] - epoch_num=187, train-acc@5: 88.72535742803241
[2022-07-28 13:43:23,681][root][INFO] - epoch_num=187, val-acc@1: nan
[2022-07-28 13:43:23,682][root][INFO] - epoch_num=187, val-acc@5: nan
[2022-07-28 13:48:33,628][root][INFO] - epoch_num=188, train-acc@1: 64.01023441908822
[2022-07-28 13:48:33,629][root][INFO] - epoch_num=188, train-acc@5: 88.72535742803241
[2022-07-28 13:48:33,774][root][INFO] - epoch_num=188, val-acc@1: nan
[2022-07-28 13:48:33,774][root][INFO] - epoch_num=188, val-acc@5: nan
[2022-07-28 13:53:46,772][root][INFO] - epoch_num=189, train-acc@1: 64.01023441908822
[2022-07-28 13:53:46,774][root][INFO] - epoch_num=189, train-acc@5: 88.72535742803241
[2022-07-28 13:53:46,905][root][INFO] - epoch_num=189, val-acc@1: nan
[2022-07-28 13:53:46,906][root][INFO] - epoch_num=189, val-acc@5: nan
[2022-07-28 13:59:00,545][root][INFO] - epoch_num=190, train-acc@1: 64.01023441908822
[2022-07-28 13:59:00,545][root][INFO] - epoch_num=190, train-acc@5: 88.72535742803241
[2022-07-28 13:59:00,678][root][INFO] - epoch_num=190, val-acc@1: nan
[2022-07-28 13:59:00,679][root][INFO] - epoch_num=190, val-acc@5: nan
